---------------------------------------------------------------

[2020-05-21T14:02:13+08:00] 127.0.0.1 GET eshop.com/
[运行时间：2.916033s] [吞吐率：0.34req/s] [内存消耗：3,026.02kb] [文件加载：101]
[ info ] [ LANG ] G:\php_document\1shop\code\thinkphp\lang\zh-cn.php
[ info ] [ DB ] INIT mysql
[ info ] [ ROUTE ] array (
)
[ info ] [ HEADER ] array (
  'cookie' => '_trs_uv=k9zc2onq_259_hmmq; Hm_lvt_4e5bdf78b2b9fcb88736fc67709f2806=1589609021,1589693523,1589866359,1589953112; dolphin_uid=1; dolphin_signin_token=dc27e9a48ef4a574c73b2dbf5fa3e58f92ada085',
  'accept-language' => 'zh-CN,zh;q=0.9',
  'accept-encoding' => 'gzip, deflate',
  'accept' => 'text/html,application/xhtml+xml,application/xml;q=0.9,image/webp,image/apng,*/*;q=0.8',
  'user-agent' => 'Mozilla/5.0 (Windows NT 10.0; WOW64) AppleWebKit/537.36 (KHTML, like Gecko) Chrome/70.0.3538.25 Safari/537.36 Core/1.70.3741.400 QQBrowser/10.5.3863.400',
  'upgrade-insecure-requests' => '1',
  'connection' => 'close',
  'host' => 'eshop.com',
)
[ info ] [ PARAM ] array (
)
[ sql ] [ DB ] CONNECT:[ UseTime:0.003267s ] mysql:host=127.0.0.1;port=3306;dbname=eshop;charset=utf8
[ sql ] [ SQL ] SHOW COLUMNS FROM `dp_admin_config` [ RunTime:0.190857s ]
[ sql ] [ SQL ] SELECT `name`,`value`,`type` FROM `dp_admin_config` [ RunTime:0.002201s ]
[ sql ] [ SQL ] SHOW COLUMNS FROM `dp_admin_module` [ RunTime:0.020682s ]
[ sql ] [ SQL ] SELECT `name`,`config` FROM `dp_admin_module` WHERE  `config` <> '' [ RunTime:0.025617s ]
[ sql ] [ SQL ] SHOW COLUMNS FROM `dp_admin_hook` [ RunTime:0.044904s ]
[ sql ] [ SQL ] SELECT `name`,`status` FROM `dp_admin_hook` WHERE  `status` = 1 [ RunTime:0.001968s ]
[ sql ] [ SQL ] SHOW COLUMNS FROM `dp_admin_plugin` [ RunTime:0.014238s ]
[ sql ] [ SQL ] SELECT `name`,`status` FROM `dp_admin_plugin` WHERE  `status` = 1 [ RunTime:0.000498s ]
[ sql ] [ SQL ] SHOW COLUMNS FROM `dp_admin_hook_plugin` [ RunTime:0.015344s ]
[ sql ] [ SQL ] SELECT * FROM `dp_admin_hook_plugin` WHERE  `status` = 1 ORDER BY `hook`,`sort` [ RunTime:0.000784s ]
---------------------------------------------------------------

[2020-05-21T14:02:14+08:00] 127.0.0.1 GET eshop.com/cms/index/index.html
[运行时间：0.768515s] [吞吐率：1.30req/s] [内存消耗：3,214.84kb] [文件加载：107]
[ info ] [ LANG ] G:\php_document\1shop\code\thinkphp\lang\zh-cn.php
[ info ] [ DB ] INIT mysql
[ info ] [ ROUTE ] array (
)
[ info ] [ HEADER ] array (
  'cookie' => '_trs_uv=k9zc2onq_259_hmmq; Hm_lvt_4e5bdf78b2b9fcb88736fc67709f2806=1589609021,1589693523,1589866359,1589953112; dolphin_uid=1; dolphin_signin_token=dc27e9a48ef4a574c73b2dbf5fa3e58f92ada085',
  'accept-language' => 'zh-CN,zh;q=0.9',
  'accept-encoding' => 'gzip, deflate',
  'accept' => 'text/html,application/xhtml+xml,application/xml;q=0.9,image/webp,image/apng,*/*;q=0.8',
  'user-agent' => 'Mozilla/5.0 (Windows NT 10.0; WOW64) AppleWebKit/537.36 (KHTML, like Gecko) Chrome/70.0.3538.25 Safari/537.36 Core/1.70.3741.400 QQBrowser/10.5.3863.400',
  'upgrade-insecure-requests' => '1',
  'connection' => 'close',
  'host' => 'eshop.com',
)
[ info ] [ PARAM ] array (
)
[ info ] [ VIEW ] G:\php_document\1shop\code\application\cms\view\index\index.html [ array (
  0 => 'main_nav',
  1 => 'about_nav',
  2 => 'support_nav',
  3 => 'slider',
  4 => 'support',
) ]
[ sql ] [ DB ] CONNECT:[ UseTime:0.001648s ] mysql:host=127.0.0.1;port=3306;dbname=eshop;charset=utf8
[ sql ] [ SQL ] SHOW COLUMNS FROM `dp_admin_config` [ RunTime:0.011285s ]
[ sql ] [ SQL ] SELECT `name`,`value`,`type` FROM `dp_admin_config` [ RunTime:0.000487s ]
[ sql ] [ SQL ] SHOW COLUMNS FROM `dp_admin_module` [ RunTime:0.012109s ]
[ sql ] [ SQL ] SELECT `name`,`config` FROM `dp_admin_module` WHERE  `config` <> '' [ RunTime:0.000529s ]
[ sql ] [ SQL ] SHOW COLUMNS FROM `dp_admin_hook` [ RunTime:0.013215s ]
[ sql ] [ SQL ] SELECT `name`,`status` FROM `dp_admin_hook` WHERE  `status` = 1 [ RunTime:0.000669s ]
[ sql ] [ SQL ] SHOW COLUMNS FROM `dp_admin_plugin` [ RunTime:0.013137s ]
[ sql ] [ SQL ] SELECT `name`,`status` FROM `dp_admin_plugin` WHERE  `status` = 1 [ RunTime:0.000872s ]
[ sql ] [ SQL ] SHOW COLUMNS FROM `dp_admin_hook_plugin` [ RunTime:0.014307s ]
[ sql ] [ SQL ] SELECT * FROM `dp_admin_hook_plugin` WHERE  `status` = 1 ORDER BY `hook`,`sort` [ RunTime:0.001268s ]
[ sql ] [ SQL ] SHOW COLUMNS FROM `dp_cms_nav` [ RunTime:0.061162s ]
[ sql ] [ SQL ] SELECT `id`,`tag` FROM `dp_cms_nav` WHERE  `status` = 1 [ RunTime:0.000571s ]
[ sql ] [ SQL ] SHOW COLUMNS FROM `dp_cms_menu` [ RunTime:0.059422s ]
[ sql ] [ SQL ] SELECT `cms_menu`.*,cms_column.name AS column_name,cms_page.title AS page_title FROM `dp_cms_menu` `cms_menu` LEFT JOIN `dp_cms_column` `cms_column` ON `cms_menu`.`column`=`cms_column`.`id` LEFT JOIN `dp_cms_page` `cms_page` ON `cms_menu`.`page`=`cms_page`.`id` WHERE  `cms_menu`.`nid` = 1  AND `cms_menu`.`status` = 1 ORDER BY `cms_menu`.`sort`,`cms_menu`.`pid`,`cms_menu`.`id` [ RunTime:0.107928s ]
[ sql ] [ SQL ] SELECT `cms_menu`.*,cms_column.name AS column_name,cms_page.title AS page_title FROM `dp_cms_menu` `cms_menu` LEFT JOIN `dp_cms_column` `cms_column` ON `cms_menu`.`column`=`cms_column`.`id` LEFT JOIN `dp_cms_page` `cms_page` ON `cms_menu`.`page`=`cms_page`.`id` WHERE  `cms_menu`.`nid` = 2  AND `cms_menu`.`status` = 1 ORDER BY `cms_menu`.`sort`,`cms_menu`.`pid`,`cms_menu`.`id` [ RunTime:0.000952s ]
[ sql ] [ SQL ] SELECT `cms_menu`.*,cms_column.name AS column_name,cms_page.title AS page_title FROM `dp_cms_menu` `cms_menu` LEFT JOIN `dp_cms_column` `cms_column` ON `cms_menu`.`column`=`cms_column`.`id` LEFT JOIN `dp_cms_page` `cms_page` ON `cms_menu`.`page`=`cms_page`.`id` WHERE  `cms_menu`.`nid` = 3  AND `cms_menu`.`status` = 1 ORDER BY `cms_menu`.`sort`,`cms_menu`.`pid`,`cms_menu`.`id` [ RunTime:0.000676s ]
[ sql ] [ SQL ] SHOW COLUMNS FROM `dp_cms_slider` [ RunTime:0.030992s ]
[ sql ] [ SQL ] SELECT * FROM `dp_cms_slider` WHERE  `status` = 1 [ RunTime:0.000483s ]
[ sql ] [ SQL ] SHOW COLUMNS FROM `dp_cms_support` [ RunTime:0.084915s ]
[ sql ] [ SQL ] SELECT * FROM `dp_cms_support` WHERE  `status` = 1 ORDER BY `sort` [ RunTime:0.000356s ]
---------------------------------------------------------------

[2020-05-21T14:03:19+08:00] 127.0.0.1 GET eshop.com/cms/Products/products.html
[运行时间：0.546369s] [吞吐率：1.83req/s] [内存消耗：3,178.32kb] [文件加载：108]
[ info ] [ LANG ] G:\php_document\1shop\code\thinkphp\lang\zh-cn.php
[ info ] [ DB ] INIT mysql
[ info ] [ ROUTE ] array (
)
[ info ] [ HEADER ] array (
  'cookie' => '_trs_uv=k9zc2onq_259_hmmq; Hm_lvt_4e5bdf78b2b9fcb88736fc67709f2806=1589609021,1589693523,1589866359,1589953112; dolphin_uid=1; dolphin_signin_token=dc27e9a48ef4a574c73b2dbf5fa3e58f92ada085',
  'accept-language' => 'zh-CN,zh;q=0.9',
  'accept-encoding' => 'gzip, deflate',
  'referer' => 'http://eshop.com/cms/index/index.html',
  'accept' => 'text/html,application/xhtml+xml,application/xml;q=0.9,image/webp,image/apng,*/*;q=0.8',
  'user-agent' => 'Mozilla/5.0 (Windows NT 10.0; WOW64) AppleWebKit/537.36 (KHTML, like Gecko) Chrome/70.0.3538.25 Safari/537.36 Core/1.70.3741.400 QQBrowser/10.5.3863.400',
  'upgrade-insecure-requests' => '1',
  'connection' => 'close',
  'host' => 'eshop.com',
)
[ info ] [ PARAM ] array (
)
[ info ] [ VIEW ] G:\php_document\1shop\code\application\cms\view\products\products.html [ array (
  0 => 'main_nav',
  1 => 'about_nav',
  2 => 'support_nav',
  3 => 'slider',
  4 => 'support',
  5 => 'products',
) ]
[ sql ] [ DB ] CONNECT:[ UseTime:0.000935s ] mysql:host=127.0.0.1;port=3306;dbname=eshop;charset=utf8
[ sql ] [ SQL ] SHOW COLUMNS FROM `dp_admin_config` [ RunTime:0.010803s ]
[ sql ] [ SQL ] SELECT `name`,`value`,`type` FROM `dp_admin_config` [ RunTime:0.000422s ]
[ sql ] [ SQL ] SHOW COLUMNS FROM `dp_admin_module` [ RunTime:0.009037s ]
[ sql ] [ SQL ] SELECT `name`,`config` FROM `dp_admin_module` WHERE  `config` <> '' [ RunTime:0.000376s ]
[ sql ] [ SQL ] SHOW COLUMNS FROM `dp_admin_hook` [ RunTime:0.009534s ]
[ sql ] [ SQL ] SELECT `name`,`status` FROM `dp_admin_hook` WHERE  `status` = 1 [ RunTime:0.000386s ]
[ sql ] [ SQL ] SHOW COLUMNS FROM `dp_admin_plugin` [ RunTime:0.009270s ]
[ sql ] [ SQL ] SELECT `name`,`status` FROM `dp_admin_plugin` WHERE  `status` = 1 [ RunTime:0.000542s ]
[ sql ] [ SQL ] SHOW COLUMNS FROM `dp_admin_hook_plugin` [ RunTime:0.010764s ]
[ sql ] [ SQL ] SELECT * FROM `dp_admin_hook_plugin` WHERE  `status` = 1 ORDER BY `hook`,`sort` [ RunTime:0.000530s ]
[ sql ] [ SQL ] SHOW COLUMNS FROM `dp_cms_nav` [ RunTime:0.019739s ]
[ sql ] [ SQL ] SELECT `id`,`tag` FROM `dp_cms_nav` WHERE  `status` = 1 [ RunTime:0.003611s ]
[ sql ] [ SQL ] SHOW COLUMNS FROM `dp_cms_menu` [ RunTime:0.014428s ]
[ sql ] [ SQL ] SELECT `cms_menu`.*,cms_column.name AS column_name,cms_page.title AS page_title FROM `dp_cms_menu` `cms_menu` LEFT JOIN `dp_cms_column` `cms_column` ON `cms_menu`.`column`=`cms_column`.`id` LEFT JOIN `dp_cms_page` `cms_page` ON `cms_menu`.`page`=`cms_page`.`id` WHERE  `cms_menu`.`nid` = 1  AND `cms_menu`.`status` = 1 ORDER BY `cms_menu`.`sort`,`cms_menu`.`pid`,`cms_menu`.`id` [ RunTime:0.000707s ]
[ sql ] [ SQL ] SELECT `cms_menu`.*,cms_column.name AS column_name,cms_page.title AS page_title FROM `dp_cms_menu` `cms_menu` LEFT JOIN `dp_cms_column` `cms_column` ON `cms_menu`.`column`=`cms_column`.`id` LEFT JOIN `dp_cms_page` `cms_page` ON `cms_menu`.`page`=`cms_page`.`id` WHERE  `cms_menu`.`nid` = 2  AND `cms_menu`.`status` = 1 ORDER BY `cms_menu`.`sort`,`cms_menu`.`pid`,`cms_menu`.`id` [ RunTime:0.000516s ]
[ sql ] [ SQL ] SELECT `cms_menu`.*,cms_column.name AS column_name,cms_page.title AS page_title FROM `dp_cms_menu` `cms_menu` LEFT JOIN `dp_cms_column` `cms_column` ON `cms_menu`.`column`=`cms_column`.`id` LEFT JOIN `dp_cms_page` `cms_page` ON `cms_menu`.`page`=`cms_page`.`id` WHERE  `cms_menu`.`nid` = 3  AND `cms_menu`.`status` = 1 ORDER BY `cms_menu`.`sort`,`cms_menu`.`pid`,`cms_menu`.`id` [ RunTime:0.000392s ]
[ sql ] [ SQL ] SHOW COLUMNS FROM `dp_cms_slider` [ RunTime:0.011892s ]
[ sql ] [ SQL ] SELECT * FROM `dp_cms_slider` WHERE  `status` = 1 [ RunTime:0.000411s ]
[ sql ] [ SQL ] SHOW COLUMNS FROM `dp_cms_support` [ RunTime:0.014483s ]
[ sql ] [ SQL ] SELECT * FROM `dp_cms_support` WHERE  `status` = 1 ORDER BY `sort` [ RunTime:0.000513s ]
[ sql ] [ SQL ] SHOW COLUMNS FROM `dp_cms_document` [ RunTime:0.077749s ]
[ sql ] [ SQL ] SELECT COUNT(*) AS tp_count FROM `dp_cms_document` RIGHT JOIN `dp_cms_document_products` ON `dp_cms_document`.`id`=`dp_cms_document_products`.`aid` WHERE  `dp_cms_document`.`status` = 1 [ RunTime:0.036543s ]
[ sql ] [ SQL ] SELECT `dp_cms_document`.*,`dp_cms_document_products`.* FROM `dp_cms_document` RIGHT JOIN `dp_cms_document_products` ON `dp_cms_document`.`id`=`dp_cms_document_products`.`aid` WHERE  `dp_cms_document`.`status` = 1 ORDER BY `update_time` DESC LIMIT 0,4 [ RunTime:0.000824s ]
[ sql ] [ SQL ] SHOW COLUMNS FROM `dp_admin_attachment` [ RunTime:0.037824s ]
[ sql ] [ SQL ] SELECT * FROM `dp_admin_attachment` WHERE  `id` = 5 LIMIT 1 [ RunTime:0.015292s ]
[ sql ] [ SQL ] SELECT * FROM `dp_admin_attachment` WHERE  `id` = 1 LIMIT 1 [ RunTime:0.000663s ]
[ sql ] [ SQL ] SELECT * FROM `dp_admin_attachment` WHERE  `id` = 2 LIMIT 1 [ RunTime:0.000560s ]
[ sql ] [ SQL ] SELECT * FROM `dp_admin_attachment` WHERE  `id` = 2 LIMIT 1 [ RunTime:0.000466s ]
---------------------------------------------------------------

[2020-05-21T14:03:21+08:00] 127.0.0.1 GET eshop.com/cms/index/address.html
[运行时间：0.296192s] [吞吐率：3.38req/s] [内存消耗：3,098.65kb] [文件加载：105]
[ info ] [ LANG ] G:\php_document\1shop\code\thinkphp\lang\zh-cn.php
[ info ] [ DB ] INIT mysql
[ info ] [ ROUTE ] array (
)
[ info ] [ HEADER ] array (
  'cookie' => '_trs_uv=k9zc2onq_259_hmmq; dolphin_uid=1; dolphin_signin_token=dc27e9a48ef4a574c73b2dbf5fa3e58f92ada085; Hm_lvt_4e5bdf78b2b9fcb88736fc67709f2806=1589693523,1589866359,1589953112,1590041000; Hm_lpvt_4e5bdf78b2b9fcb88736fc67709f2806=1590041000',
  'accept-language' => 'zh-CN,zh;q=0.9',
  'accept-encoding' => 'gzip, deflate',
  'referer' => 'http://eshop.com/cms/Products/products.html',
  'accept' => 'text/html,application/xhtml+xml,application/xml;q=0.9,image/webp,image/apng,*/*;q=0.8',
  'user-agent' => 'Mozilla/5.0 (Windows NT 10.0; WOW64) AppleWebKit/537.36 (KHTML, like Gecko) Chrome/70.0.3538.25 Safari/537.36 Core/1.70.3741.400 QQBrowser/10.5.3863.400',
  'upgrade-insecure-requests' => '1',
  'connection' => 'close',
  'host' => 'eshop.com',
)
[ info ] [ PARAM ] array (
)
[ info ] [ VIEW ] G:\php_document\1shop\code\application\cms\view\index\address.html [ array (
  0 => 'main_nav',
  1 => 'about_nav',
  2 => 'support_nav',
  3 => 'slider',
  4 => 'support',
) ]
[ sql ] [ DB ] CONNECT:[ UseTime:0.001059s ] mysql:host=127.0.0.1;port=3306;dbname=eshop;charset=utf8
[ sql ] [ SQL ] SHOW COLUMNS FROM `dp_admin_config` [ RunTime:0.013564s ]
[ sql ] [ SQL ] SELECT `name`,`value`,`type` FROM `dp_admin_config` [ RunTime:0.000919s ]
[ sql ] [ SQL ] SHOW COLUMNS FROM `dp_admin_module` [ RunTime:0.015507s ]
[ sql ] [ SQL ] SELECT `name`,`config` FROM `dp_admin_module` WHERE  `config` <> '' [ RunTime:0.000697s ]
[ sql ] [ SQL ] SHOW COLUMNS FROM `dp_admin_hook` [ RunTime:0.011600s ]
[ sql ] [ SQL ] SELECT `name`,`status` FROM `dp_admin_hook` WHERE  `status` = 1 [ RunTime:0.000497s ]
[ sql ] [ SQL ] SHOW COLUMNS FROM `dp_admin_plugin` [ RunTime:0.011071s ]
[ sql ] [ SQL ] SELECT `name`,`status` FROM `dp_admin_plugin` WHERE  `status` = 1 [ RunTime:0.000451s ]
[ sql ] [ SQL ] SHOW COLUMNS FROM `dp_admin_hook_plugin` [ RunTime:0.010576s ]
[ sql ] [ SQL ] SELECT * FROM `dp_admin_hook_plugin` WHERE  `status` = 1 ORDER BY `hook`,`sort` [ RunTime:0.000601s ]
[ sql ] [ SQL ] SHOW COLUMNS FROM `dp_cms_nav` [ RunTime:0.013620s ]
[ sql ] [ SQL ] SELECT `id`,`tag` FROM `dp_cms_nav` WHERE  `status` = 1 [ RunTime:0.000669s ]
[ sql ] [ SQL ] SHOW COLUMNS FROM `dp_cms_menu` [ RunTime:0.013391s ]
[ sql ] [ SQL ] SELECT `cms_menu`.*,cms_column.name AS column_name,cms_page.title AS page_title FROM `dp_cms_menu` `cms_menu` LEFT JOIN `dp_cms_column` `cms_column` ON `cms_menu`.`column`=`cms_column`.`id` LEFT JOIN `dp_cms_page` `cms_page` ON `cms_menu`.`page`=`cms_page`.`id` WHERE  `cms_menu`.`nid` = 1  AND `cms_menu`.`status` = 1 ORDER BY `cms_menu`.`sort`,`cms_menu`.`pid`,`cms_menu`.`id` [ RunTime:0.000629s ]
[ sql ] [ SQL ] SELECT `cms_menu`.*,cms_column.name AS column_name,cms_page.title AS page_title FROM `dp_cms_menu` `cms_menu` LEFT JOIN `dp_cms_column` `cms_column` ON `cms_menu`.`column`=`cms_column`.`id` LEFT JOIN `dp_cms_page` `cms_page` ON `cms_menu`.`page`=`cms_page`.`id` WHERE  `cms_menu`.`nid` = 2  AND `cms_menu`.`status` = 1 ORDER BY `cms_menu`.`sort`,`cms_menu`.`pid`,`cms_menu`.`id` [ RunTime:0.000642s ]
[ sql ] [ SQL ] SELECT `cms_menu`.*,cms_column.name AS column_name,cms_page.title AS page_title FROM `dp_cms_menu` `cms_menu` LEFT JOIN `dp_cms_column` `cms_column` ON `cms_menu`.`column`=`cms_column`.`id` LEFT JOIN `dp_cms_page` `cms_page` ON `cms_menu`.`page`=`cms_page`.`id` WHERE  `cms_menu`.`nid` = 3  AND `cms_menu`.`status` = 1 ORDER BY `cms_menu`.`sort`,`cms_menu`.`pid`,`cms_menu`.`id` [ RunTime:0.000521s ]
[ sql ] [ SQL ] SHOW COLUMNS FROM `dp_cms_slider` [ RunTime:0.012117s ]
[ sql ] [ SQL ] SELECT * FROM `dp_cms_slider` WHERE  `status` = 1 [ RunTime:0.000522s ]
[ sql ] [ SQL ] SHOW COLUMNS FROM `dp_cms_support` [ RunTime:0.011609s ]
[ sql ] [ SQL ] SELECT * FROM `dp_cms_support` WHERE  `status` = 1 ORDER BY `sort` [ RunTime:0.000685s ]
---------------------------------------------------------------

[2020-05-21T14:05:13+08:00] 127.0.0.1 GET eshop.com/cms/index/address.html
[运行时间：0.205332s] [吞吐率：4.87req/s] [内存消耗：3,098.73kb] [文件加载：105]
[ info ] [ LANG ] G:\php_document\1shop\code\thinkphp\lang\zh-cn.php
[ info ] [ DB ] INIT mysql
[ info ] [ ROUTE ] array (
)
[ info ] [ HEADER ] array (
  'cookie' => '_trs_uv=k9zc2onq_259_hmmq; dolphin_uid=1; dolphin_signin_token=dc27e9a48ef4a574c73b2dbf5fa3e58f92ada085; Hm_lvt_4e5bdf78b2b9fcb88736fc67709f2806=1589693523,1589866359,1589953112,1590041000; Hm_lpvt_4e5bdf78b2b9fcb88736fc67709f2806=1590041002',
  'accept-language' => 'zh-CN,zh;q=0.9',
  'accept-encoding' => 'gzip, deflate',
  'referer' => 'http://eshop.com/cms/Products/products.html',
  'accept' => 'text/html,application/xhtml+xml,application/xml;q=0.9,image/webp,image/apng,*/*;q=0.8',
  'user-agent' => 'Mozilla/5.0 (Windows NT 10.0; WOW64) AppleWebKit/537.36 (KHTML, like Gecko) Chrome/70.0.3538.25 Safari/537.36 Core/1.70.3741.400 QQBrowser/10.5.3863.400',
  'upgrade-insecure-requests' => '1',
  'cache-control' => 'max-age=0',
  'connection' => 'close',
  'host' => 'eshop.com',
)
[ info ] [ PARAM ] array (
)
[ info ] [ VIEW ] G:\php_document\1shop\code\application\cms\view\index\address.html [ array (
  0 => 'main_nav',
  1 => 'about_nav',
  2 => 'support_nav',
  3 => 'slider',
  4 => 'support',
) ]
[ sql ] [ DB ] CONNECT:[ UseTime:0.001018s ] mysql:host=127.0.0.1;port=3306;dbname=eshop;charset=utf8
[ sql ] [ SQL ] SHOW COLUMNS FROM `dp_admin_config` [ RunTime:0.015062s ]
[ sql ] [ SQL ] SELECT `name`,`value`,`type` FROM `dp_admin_config` [ RunTime:0.000509s ]
[ sql ] [ SQL ] SHOW COLUMNS FROM `dp_admin_module` [ RunTime:0.012198s ]
[ sql ] [ SQL ] SELECT `name`,`config` FROM `dp_admin_module` WHERE  `config` <> '' [ RunTime:0.000504s ]
[ sql ] [ SQL ] SHOW COLUMNS FROM `dp_admin_hook` [ RunTime:0.011095s ]
[ sql ] [ SQL ] SELECT `name`,`status` FROM `dp_admin_hook` WHERE  `status` = 1 [ RunTime:0.000575s ]
[ sql ] [ SQL ] SHOW COLUMNS FROM `dp_admin_plugin` [ RunTime:0.010725s ]
[ sql ] [ SQL ] SELECT `name`,`status` FROM `dp_admin_plugin` WHERE  `status` = 1 [ RunTime:0.000391s ]
[ sql ] [ SQL ] SHOW COLUMNS FROM `dp_admin_hook_plugin` [ RunTime:0.011945s ]
[ sql ] [ SQL ] SELECT * FROM `dp_admin_hook_plugin` WHERE  `status` = 1 ORDER BY `hook`,`sort` [ RunTime:0.000530s ]
[ sql ] [ SQL ] SHOW COLUMNS FROM `dp_cms_nav` [ RunTime:0.014660s ]
[ sql ] [ SQL ] SELECT `id`,`tag` FROM `dp_cms_nav` WHERE  `status` = 1 [ RunTime:0.000414s ]
[ sql ] [ SQL ] SHOW COLUMNS FROM `dp_cms_menu` [ RunTime:0.012912s ]
[ sql ] [ SQL ] SELECT `cms_menu`.*,cms_column.name AS column_name,cms_page.title AS page_title FROM `dp_cms_menu` `cms_menu` LEFT JOIN `dp_cms_column` `cms_column` ON `cms_menu`.`column`=`cms_column`.`id` LEFT JOIN `dp_cms_page` `cms_page` ON `cms_menu`.`page`=`cms_page`.`id` WHERE  `cms_menu`.`nid` = 1  AND `cms_menu`.`status` = 1 ORDER BY `cms_menu`.`sort`,`cms_menu`.`pid`,`cms_menu`.`id` [ RunTime:0.000602s ]
[ sql ] [ SQL ] SELECT `cms_menu`.*,cms_column.name AS column_name,cms_page.title AS page_title FROM `dp_cms_menu` `cms_menu` LEFT JOIN `dp_cms_column` `cms_column` ON `cms_menu`.`column`=`cms_column`.`id` LEFT JOIN `dp_cms_page` `cms_page` ON `cms_menu`.`page`=`cms_page`.`id` WHERE  `cms_menu`.`nid` = 2  AND `cms_menu`.`status` = 1 ORDER BY `cms_menu`.`sort`,`cms_menu`.`pid`,`cms_menu`.`id` [ RunTime:0.000641s ]
[ sql ] [ SQL ] SELECT `cms_menu`.*,cms_column.name AS column_name,cms_page.title AS page_title FROM `dp_cms_menu` `cms_menu` LEFT JOIN `dp_cms_column` `cms_column` ON `cms_menu`.`column`=`cms_column`.`id` LEFT JOIN `dp_cms_page` `cms_page` ON `cms_menu`.`page`=`cms_page`.`id` WHERE  `cms_menu`.`nid` = 3  AND `cms_menu`.`status` = 1 ORDER BY `cms_menu`.`sort`,`cms_menu`.`pid`,`cms_menu`.`id` [ RunTime:0.000586s ]
[ sql ] [ SQL ] SHOW COLUMNS FROM `dp_cms_slider` [ RunTime:0.012966s ]
[ sql ] [ SQL ] SELECT * FROM `dp_cms_slider` WHERE  `status` = 1 [ RunTime:0.000448s ]
[ sql ] [ SQL ] SHOW COLUMNS FROM `dp_cms_support` [ RunTime:0.013289s ]
[ sql ] [ SQL ] SELECT * FROM `dp_cms_support` WHERE  `status` = 1 ORDER BY `sort` [ RunTime:0.000454s ]
---------------------------------------------------------------

[2020-05-21T14:06:03+08:00] 127.0.0.1 GET eshop.com/cms/index/address.html
[运行时间：0.236531s] [吞吐率：4.23req/s] [内存消耗：3,098.73kb] [文件加载：105]
[ info ] [ LANG ] G:\php_document\1shop\code\thinkphp\lang\zh-cn.php
[ info ] [ DB ] INIT mysql
[ info ] [ ROUTE ] array (
)
[ info ] [ HEADER ] array (
  'cookie' => '_trs_uv=k9zc2onq_259_hmmq; dolphin_uid=1; dolphin_signin_token=dc27e9a48ef4a574c73b2dbf5fa3e58f92ada085; Hm_lvt_4e5bdf78b2b9fcb88736fc67709f2806=1589693523,1589866359,1589953112,1590041000; Hm_lpvt_4e5bdf78b2b9fcb88736fc67709f2806=1590041115',
  'accept-language' => 'zh-CN,zh;q=0.9',
  'accept-encoding' => 'gzip, deflate',
  'referer' => 'http://eshop.com/cms/Products/products.html',
  'accept' => 'text/html,application/xhtml+xml,application/xml;q=0.9,image/webp,image/apng,*/*;q=0.8',
  'user-agent' => 'Mozilla/5.0 (Windows NT 10.0; WOW64) AppleWebKit/537.36 (KHTML, like Gecko) Chrome/70.0.3538.25 Safari/537.36 Core/1.70.3741.400 QQBrowser/10.5.3863.400',
  'upgrade-insecure-requests' => '1',
  'cache-control' => 'max-age=0',
  'connection' => 'close',
  'host' => 'eshop.com',
)
[ info ] [ PARAM ] array (
)
[ info ] [ VIEW ] G:\php_document\1shop\code\application\cms\view\index\address.html [ array (
  0 => 'main_nav',
  1 => 'about_nav',
  2 => 'support_nav',
  3 => 'slider',
  4 => 'support',
) ]
[ sql ] [ DB ] CONNECT:[ UseTime:0.000952s ] mysql:host=127.0.0.1;port=3306;dbname=eshop;charset=utf8
[ sql ] [ SQL ] SHOW COLUMNS FROM `dp_admin_config` [ RunTime:0.011729s ]
[ sql ] [ SQL ] SELECT `name`,`value`,`type` FROM `dp_admin_config` [ RunTime:0.000768s ]
[ sql ] [ SQL ] SHOW COLUMNS FROM `dp_admin_module` [ RunTime:0.011608s ]
[ sql ] [ SQL ] SELECT `name`,`config` FROM `dp_admin_module` WHERE  `config` <> '' [ RunTime:0.000374s ]
[ sql ] [ SQL ] SHOW COLUMNS FROM `dp_admin_hook` [ RunTime:0.010800s ]
[ sql ] [ SQL ] SELECT `name`,`status` FROM `dp_admin_hook` WHERE  `status` = 1 [ RunTime:0.000434s ]
[ sql ] [ SQL ] SHOW COLUMNS FROM `dp_admin_plugin` [ RunTime:0.010585s ]
[ sql ] [ SQL ] SELECT `name`,`status` FROM `dp_admin_plugin` WHERE  `status` = 1 [ RunTime:0.000433s ]
[ sql ] [ SQL ] SHOW COLUMNS FROM `dp_admin_hook_plugin` [ RunTime:0.021075s ]
[ sql ] [ SQL ] SELECT * FROM `dp_admin_hook_plugin` WHERE  `status` = 1 ORDER BY `hook`,`sort` [ RunTime:0.000421s ]
[ sql ] [ SQL ] SHOW COLUMNS FROM `dp_cms_nav` [ RunTime:0.014333s ]
[ sql ] [ SQL ] SELECT `id`,`tag` FROM `dp_cms_nav` WHERE  `status` = 1 [ RunTime:0.000650s ]
[ sql ] [ SQL ] SHOW COLUMNS FROM `dp_cms_menu` [ RunTime:0.014838s ]
[ sql ] [ SQL ] SELECT `cms_menu`.*,cms_column.name AS column_name,cms_page.title AS page_title FROM `dp_cms_menu` `cms_menu` LEFT JOIN `dp_cms_column` `cms_column` ON `cms_menu`.`column`=`cms_column`.`id` LEFT JOIN `dp_cms_page` `cms_page` ON `cms_menu`.`page`=`cms_page`.`id` WHERE  `cms_menu`.`nid` = 1  AND `cms_menu`.`status` = 1 ORDER BY `cms_menu`.`sort`,`cms_menu`.`pid`,`cms_menu`.`id` [ RunTime:0.000523s ]
[ sql ] [ SQL ] SELECT `cms_menu`.*,cms_column.name AS column_name,cms_page.title AS page_title FROM `dp_cms_menu` `cms_menu` LEFT JOIN `dp_cms_column` `cms_column` ON `cms_menu`.`column`=`cms_column`.`id` LEFT JOIN `dp_cms_page` `cms_page` ON `cms_menu`.`page`=`cms_page`.`id` WHERE  `cms_menu`.`nid` = 2  AND `cms_menu`.`status` = 1 ORDER BY `cms_menu`.`sort`,`cms_menu`.`pid`,`cms_menu`.`id` [ RunTime:0.000852s ]
[ sql ] [ SQL ] SELECT `cms_menu`.*,cms_column.name AS column_name,cms_page.title AS page_title FROM `dp_cms_menu` `cms_menu` LEFT JOIN `dp_cms_column` `cms_column` ON `cms_menu`.`column`=`cms_column`.`id` LEFT JOIN `dp_cms_page` `cms_page` ON `cms_menu`.`page`=`cms_page`.`id` WHERE  `cms_menu`.`nid` = 3  AND `cms_menu`.`status` = 1 ORDER BY `cms_menu`.`sort`,`cms_menu`.`pid`,`cms_menu`.`id` [ RunTime:0.000653s ]
[ sql ] [ SQL ] SHOW COLUMNS FROM `dp_cms_slider` [ RunTime:0.010514s ]
[ sql ] [ SQL ] SELECT * FROM `dp_cms_slider` WHERE  `status` = 1 [ RunTime:0.000429s ]
[ sql ] [ SQL ] SHOW COLUMNS FROM `dp_cms_support` [ RunTime:0.014860s ]
[ sql ] [ SQL ] SELECT * FROM `dp_cms_support` WHERE  `status` = 1 ORDER BY `sort` [ RunTime:0.000618s ]
---------------------------------------------------------------

[2020-05-21T14:06:27+08:00] 127.0.0.1 GET eshop.com/cms/index/address.html
[运行时间：0.248280s] [吞吐率：4.03req/s] [内存消耗：3,222.49kb] [文件加载：107]
[ info ] [ LANG ] G:\php_document\1shop\code\thinkphp\lang\zh-cn.php
[ info ] [ DB ] INIT mysql
[ info ] [ ROUTE ] array (
)
[ info ] [ HEADER ] array (
  'cookie' => '_trs_uv=k9zc2onq_259_hmmq; dolphin_uid=1; dolphin_signin_token=dc27e9a48ef4a574c73b2dbf5fa3e58f92ada085; Hm_lvt_4e5bdf78b2b9fcb88736fc67709f2806=1589693523,1589866359,1589953112,1590041000; Hm_lpvt_4e5bdf78b2b9fcb88736fc67709f2806=1590041164',
  'accept-language' => 'zh-CN,zh;q=0.9',
  'accept-encoding' => 'gzip, deflate',
  'referer' => 'http://eshop.com/cms/Products/products.html',
  'accept' => 'text/html,application/xhtml+xml,application/xml;q=0.9,image/webp,image/apng,*/*;q=0.8',
  'user-agent' => 'Mozilla/5.0 (Windows NT 10.0; WOW64) AppleWebKit/537.36 (KHTML, like Gecko) Chrome/70.0.3538.25 Safari/537.36 Core/1.70.3741.400 QQBrowser/10.5.3863.400',
  'upgrade-insecure-requests' => '1',
  'cache-control' => 'max-age=0',
  'connection' => 'close',
  'host' => 'eshop.com',
)
[ info ] [ PARAM ] array (
)
[ info ] [ VIEW ] G:\php_document\1shop\code\application\cms\view\index\address.html [ array (
  0 => 'main_nav',
  1 => 'about_nav',
  2 => 'support_nav',
  3 => 'slider',
  4 => 'support',
) ]
[ sql ] [ DB ] CONNECT:[ UseTime:0.000833s ] mysql:host=127.0.0.1;port=3306;dbname=eshop;charset=utf8
[ sql ] [ SQL ] SHOW COLUMNS FROM `dp_admin_config` [ RunTime:0.013359s ]
[ sql ] [ SQL ] SELECT `name`,`value`,`type` FROM `dp_admin_config` [ RunTime:0.000490s ]
[ sql ] [ SQL ] SHOW COLUMNS FROM `dp_admin_module` [ RunTime:0.011357s ]
[ sql ] [ SQL ] SELECT `name`,`config` FROM `dp_admin_module` WHERE  `config` <> '' [ RunTime:0.000478s ]
[ sql ] [ SQL ] SHOW COLUMNS FROM `dp_admin_hook` [ RunTime:0.011438s ]
[ sql ] [ SQL ] SELECT `name`,`status` FROM `dp_admin_hook` WHERE  `status` = 1 [ RunTime:0.000530s ]
[ sql ] [ SQL ] SHOW COLUMNS FROM `dp_admin_plugin` [ RunTime:0.011017s ]
[ sql ] [ SQL ] SELECT `name`,`status` FROM `dp_admin_plugin` WHERE  `status` = 1 [ RunTime:0.000555s ]
[ sql ] [ SQL ] SHOW COLUMNS FROM `dp_admin_hook_plugin` [ RunTime:0.011568s ]
[ sql ] [ SQL ] SELECT * FROM `dp_admin_hook_plugin` WHERE  `status` = 1 ORDER BY `hook`,`sort` [ RunTime:0.000516s ]
[ sql ] [ SQL ] SHOW COLUMNS FROM `dp_cms_nav` [ RunTime:0.011138s ]
[ sql ] [ SQL ] SELECT `id`,`tag` FROM `dp_cms_nav` WHERE  `status` = 1 [ RunTime:0.000525s ]
[ sql ] [ SQL ] SHOW COLUMNS FROM `dp_cms_menu` [ RunTime:0.014984s ]
[ sql ] [ SQL ] SELECT `cms_menu`.*,cms_column.name AS column_name,cms_page.title AS page_title FROM `dp_cms_menu` `cms_menu` LEFT JOIN `dp_cms_column` `cms_column` ON `cms_menu`.`column`=`cms_column`.`id` LEFT JOIN `dp_cms_page` `cms_page` ON `cms_menu`.`page`=`cms_page`.`id` WHERE  `cms_menu`.`nid` = 1  AND `cms_menu`.`status` = 1 ORDER BY `cms_menu`.`sort`,`cms_menu`.`pid`,`cms_menu`.`id` [ RunTime:0.000718s ]
[ sql ] [ SQL ] SELECT `cms_menu`.*,cms_column.name AS column_name,cms_page.title AS page_title FROM `dp_cms_menu` `cms_menu` LEFT JOIN `dp_cms_column` `cms_column` ON `cms_menu`.`column`=`cms_column`.`id` LEFT JOIN `dp_cms_page` `cms_page` ON `cms_menu`.`page`=`cms_page`.`id` WHERE  `cms_menu`.`nid` = 2  AND `cms_menu`.`status` = 1 ORDER BY `cms_menu`.`sort`,`cms_menu`.`pid`,`cms_menu`.`id` [ RunTime:0.000766s ]
[ sql ] [ SQL ] SELECT `cms_menu`.*,cms_column.name AS column_name,cms_page.title AS page_title FROM `dp_cms_menu` `cms_menu` LEFT JOIN `dp_cms_column` `cms_column` ON `cms_menu`.`column`=`cms_column`.`id` LEFT JOIN `dp_cms_page` `cms_page` ON `cms_menu`.`page`=`cms_page`.`id` WHERE  `cms_menu`.`nid` = 3  AND `cms_menu`.`status` = 1 ORDER BY `cms_menu`.`sort`,`cms_menu`.`pid`,`cms_menu`.`id` [ RunTime:0.000992s ]
[ sql ] [ SQL ] SHOW COLUMNS FROM `dp_cms_slider` [ RunTime:0.013201s ]
[ sql ] [ SQL ] SELECT * FROM `dp_cms_slider` WHERE  `status` = 1 [ RunTime:0.000464s ]
[ sql ] [ SQL ] SHOW COLUMNS FROM `dp_cms_support` [ RunTime:0.013761s ]
[ sql ] [ SQL ] SELECT * FROM `dp_cms_support` WHERE  `status` = 1 ORDER BY `sort` [ RunTime:0.000486s ]
---------------------------------------------------------------

[2020-05-21T14:06:58+08:00] 127.0.0.1 GET eshop.com/cms/index/address.html
[运行时间：0.209117s] [吞吐率：4.78req/s] [内存消耗：3,221.55kb] [文件加载：107]
[ info ] [ LANG ] G:\php_document\1shop\code\thinkphp\lang\zh-cn.php
[ info ] [ DB ] INIT mysql
[ info ] [ ROUTE ] array (
)
[ info ] [ HEADER ] array (
  'cookie' => '_trs_uv=k9zc2onq_259_hmmq; dolphin_uid=1; dolphin_signin_token=dc27e9a48ef4a574c73b2dbf5fa3e58f92ada085; Hm_lvt_4e5bdf78b2b9fcb88736fc67709f2806=1589693523,1589866359,1589953112,1590041000; Hm_lpvt_4e5bdf78b2b9fcb88736fc67709f2806=1590041188',
  'accept-language' => 'zh-CN,zh;q=0.9',
  'accept-encoding' => 'gzip, deflate',
  'referer' => 'http://eshop.com/cms/Products/products.html',
  'accept' => 'text/html,application/xhtml+xml,application/xml;q=0.9,image/webp,image/apng,*/*;q=0.8',
  'user-agent' => 'Mozilla/5.0 (Windows NT 10.0; WOW64) AppleWebKit/537.36 (KHTML, like Gecko) Chrome/70.0.3538.25 Safari/537.36 Core/1.70.3741.400 QQBrowser/10.5.3863.400',
  'upgrade-insecure-requests' => '1',
  'cache-control' => 'no-cache',
  'pragma' => 'no-cache',
  'connection' => 'close',
  'host' => 'eshop.com',
)
[ info ] [ PARAM ] array (
)
[ info ] [ VIEW ] G:\php_document\1shop\code\application\cms\view\index\address.html [ array (
  0 => 'main_nav',
  1 => 'about_nav',
  2 => 'support_nav',
  3 => 'slider',
  4 => 'support',
) ]
[ sql ] [ DB ] CONNECT:[ UseTime:0.000946s ] mysql:host=127.0.0.1;port=3306;dbname=eshop;charset=utf8
[ sql ] [ SQL ] SHOW COLUMNS FROM `dp_admin_config` [ RunTime:0.013442s ]
[ sql ] [ SQL ] SELECT `name`,`value`,`type` FROM `dp_admin_config` [ RunTime:0.000561s ]
[ sql ] [ SQL ] SHOW COLUMNS FROM `dp_admin_module` [ RunTime:0.012112s ]
[ sql ] [ SQL ] SELECT `name`,`config` FROM `dp_admin_module` WHERE  `config` <> '' [ RunTime:0.000566s ]
[ sql ] [ SQL ] SHOW COLUMNS FROM `dp_admin_hook` [ RunTime:0.011919s ]
[ sql ] [ SQL ] SELECT `name`,`status` FROM `dp_admin_hook` WHERE  `status` = 1 [ RunTime:0.000521s ]
[ sql ] [ SQL ] SHOW COLUMNS FROM `dp_admin_plugin` [ RunTime:0.011258s ]
[ sql ] [ SQL ] SELECT `name`,`status` FROM `dp_admin_plugin` WHERE  `status` = 1 [ RunTime:0.000574s ]
[ sql ] [ SQL ] SHOW COLUMNS FROM `dp_admin_hook_plugin` [ RunTime:0.011144s ]
[ sql ] [ SQL ] SELECT * FROM `dp_admin_hook_plugin` WHERE  `status` = 1 ORDER BY `hook`,`sort` [ RunTime:0.000619s ]
[ sql ] [ SQL ] SHOW COLUMNS FROM `dp_cms_nav` [ RunTime:0.012422s ]
[ sql ] [ SQL ] SELECT `id`,`tag` FROM `dp_cms_nav` WHERE  `status` = 1 [ RunTime:0.000560s ]
[ sql ] [ SQL ] SHOW COLUMNS FROM `dp_cms_menu` [ RunTime:0.011179s ]
[ sql ] [ SQL ] SELECT `cms_menu`.*,cms_column.name AS column_name,cms_page.title AS page_title FROM `dp_cms_menu` `cms_menu` LEFT JOIN `dp_cms_column` `cms_column` ON `cms_menu`.`column`=`cms_column`.`id` LEFT JOIN `dp_cms_page` `cms_page` ON `cms_menu`.`page`=`cms_page`.`id` WHERE  `cms_menu`.`nid` = 1  AND `cms_menu`.`status` = 1 ORDER BY `cms_menu`.`sort`,`cms_menu`.`pid`,`cms_menu`.`id` [ RunTime:0.000706s ]
[ sql ] [ SQL ] SELECT `cms_menu`.*,cms_column.name AS column_name,cms_page.title AS page_title FROM `dp_cms_menu` `cms_menu` LEFT JOIN `dp_cms_column` `cms_column` ON `cms_menu`.`column`=`cms_column`.`id` LEFT JOIN `dp_cms_page` `cms_page` ON `cms_menu`.`page`=`cms_page`.`id` WHERE  `cms_menu`.`nid` = 2  AND `cms_menu`.`status` = 1 ORDER BY `cms_menu`.`sort`,`cms_menu`.`pid`,`cms_menu`.`id` [ RunTime:0.000731s ]
[ sql ] [ SQL ] SELECT `cms_menu`.*,cms_column.name AS column_name,cms_page.title AS page_title FROM `dp_cms_menu` `cms_menu` LEFT JOIN `dp_cms_column` `cms_column` ON `cms_menu`.`column`=`cms_column`.`id` LEFT JOIN `dp_cms_page` `cms_page` ON `cms_menu`.`page`=`cms_page`.`id` WHERE  `cms_menu`.`nid` = 3  AND `cms_menu`.`status` = 1 ORDER BY `cms_menu`.`sort`,`cms_menu`.`pid`,`cms_menu`.`id` [ RunTime:0.000748s ]
[ sql ] [ SQL ] SHOW COLUMNS FROM `dp_cms_slider` [ RunTime:0.012946s ]
[ sql ] [ SQL ] SELECT * FROM `dp_cms_slider` WHERE  `status` = 1 [ RunTime:0.000486s ]
[ sql ] [ SQL ] SHOW COLUMNS FROM `dp_cms_support` [ RunTime:0.012898s ]
[ sql ] [ SQL ] SELECT * FROM `dp_cms_support` WHERE  `status` = 1 ORDER BY `sort` [ RunTime:0.000569s ]
---------------------------------------------------------------

[2020-05-21T14:07:18+08:00] 127.0.0.1 GET eshop.com/cms/index/address.html
[运行时间：0.209370s] [吞吐率：4.78req/s] [内存消耗：3,221.49kb] [文件加载：107]
[ info ] [ LANG ] G:\php_document\1shop\code\thinkphp\lang\zh-cn.php
[ info ] [ DB ] INIT mysql
[ info ] [ ROUTE ] array (
)
[ info ] [ HEADER ] array (
  'cookie' => '_trs_uv=k9zc2onq_259_hmmq; dolphin_uid=1; dolphin_signin_token=dc27e9a48ef4a574c73b2dbf5fa3e58f92ada085; Hm_lvt_4e5bdf78b2b9fcb88736fc67709f2806=1589693523,1589866359,1589953112,1590041000; Hm_lpvt_4e5bdf78b2b9fcb88736fc67709f2806=1590041219',
  'accept-language' => 'zh-CN,zh;q=0.9',
  'accept-encoding' => 'gzip, deflate',
  'referer' => 'http://eshop.com/cms/Products/products.html',
  'accept' => 'text/html,application/xhtml+xml,application/xml;q=0.9,image/webp,image/apng,*/*;q=0.8',
  'user-agent' => 'Mozilla/5.0 (Windows NT 10.0; WOW64) AppleWebKit/537.36 (KHTML, like Gecko) Chrome/70.0.3538.25 Safari/537.36 Core/1.70.3741.400 QQBrowser/10.5.3863.400',
  'upgrade-insecure-requests' => '1',
  'cache-control' => 'max-age=0',
  'connection' => 'close',
  'host' => 'eshop.com',
)
[ info ] [ PARAM ] array (
)
[ info ] [ VIEW ] G:\php_document\1shop\code\application\cms\view\index\address.html [ array (
  0 => 'main_nav',
  1 => 'about_nav',
  2 => 'support_nav',
  3 => 'slider',
  4 => 'support',
) ]
[ sql ] [ DB ] CONNECT:[ UseTime:0.001022s ] mysql:host=127.0.0.1;port=3306;dbname=eshop;charset=utf8
[ sql ] [ SQL ] SHOW COLUMNS FROM `dp_admin_config` [ RunTime:0.021866s ]
[ sql ] [ SQL ] SELECT `name`,`value`,`type` FROM `dp_admin_config` [ RunTime:0.000513s ]
[ sql ] [ SQL ] SHOW COLUMNS FROM `dp_admin_module` [ RunTime:0.010834s ]
[ sql ] [ SQL ] SELECT `name`,`config` FROM `dp_admin_module` WHERE  `config` <> '' [ RunTime:0.000651s ]
[ sql ] [ SQL ] SHOW COLUMNS FROM `dp_admin_hook` [ RunTime:0.010628s ]
[ sql ] [ SQL ] SELECT `name`,`status` FROM `dp_admin_hook` WHERE  `status` = 1 [ RunTime:0.000449s ]
[ sql ] [ SQL ] SHOW COLUMNS FROM `dp_admin_plugin` [ RunTime:0.011333s ]
[ sql ] [ SQL ] SELECT `name`,`status` FROM `dp_admin_plugin` WHERE  `status` = 1 [ RunTime:0.000416s ]
[ sql ] [ SQL ] SHOW COLUMNS FROM `dp_admin_hook_plugin` [ RunTime:0.012865s ]
[ sql ] [ SQL ] SELECT * FROM `dp_admin_hook_plugin` WHERE  `status` = 1 ORDER BY `hook`,`sort` [ RunTime:0.000595s ]
[ sql ] [ SQL ] SHOW COLUMNS FROM `dp_cms_nav` [ RunTime:0.010682s ]
[ sql ] [ SQL ] SELECT `id`,`tag` FROM `dp_cms_nav` WHERE  `status` = 1 [ RunTime:0.000451s ]
[ sql ] [ SQL ] SHOW COLUMNS FROM `dp_cms_menu` [ RunTime:0.011932s ]
[ sql ] [ SQL ] SELECT `cms_menu`.*,cms_column.name AS column_name,cms_page.title AS page_title FROM `dp_cms_menu` `cms_menu` LEFT JOIN `dp_cms_column` `cms_column` ON `cms_menu`.`column`=`cms_column`.`id` LEFT JOIN `dp_cms_page` `cms_page` ON `cms_menu`.`page`=`cms_page`.`id` WHERE  `cms_menu`.`nid` = 1  AND `cms_menu`.`status` = 1 ORDER BY `cms_menu`.`sort`,`cms_menu`.`pid`,`cms_menu`.`id` [ RunTime:0.000616s ]
[ sql ] [ SQL ] SELECT `cms_menu`.*,cms_column.name AS column_name,cms_page.title AS page_title FROM `dp_cms_menu` `cms_menu` LEFT JOIN `dp_cms_column` `cms_column` ON `cms_menu`.`column`=`cms_column`.`id` LEFT JOIN `dp_cms_page` `cms_page` ON `cms_menu`.`page`=`cms_page`.`id` WHERE  `cms_menu`.`nid` = 2  AND `cms_menu`.`status` = 1 ORDER BY `cms_menu`.`sort`,`cms_menu`.`pid`,`cms_menu`.`id` [ RunTime:0.000659s ]
[ sql ] [ SQL ] SELECT `cms_menu`.*,cms_column.name AS column_name,cms_page.title AS page_title FROM `dp_cms_menu` `cms_menu` LEFT JOIN `dp_cms_column` `cms_column` ON `cms_menu`.`column`=`cms_column`.`id` LEFT JOIN `dp_cms_page` `cms_page` ON `cms_menu`.`page`=`cms_page`.`id` WHERE  `cms_menu`.`nid` = 3  AND `cms_menu`.`status` = 1 ORDER BY `cms_menu`.`sort`,`cms_menu`.`pid`,`cms_menu`.`id` [ RunTime:0.000461s ]
[ sql ] [ SQL ] SHOW COLUMNS FROM `dp_cms_slider` [ RunTime:0.014406s ]
[ sql ] [ SQL ] SELECT * FROM `dp_cms_slider` WHERE  `status` = 1 [ RunTime:0.000493s ]
[ sql ] [ SQL ] SHOW COLUMNS FROM `dp_cms_support` [ RunTime:0.013654s ]
[ sql ] [ SQL ] SELECT * FROM `dp_cms_support` WHERE  `status` = 1 ORDER BY `sort` [ RunTime:0.000447s ]
---------------------------------------------------------------

[2020-05-21T14:18:59+08:00] 127.0.0.1 GET eshop.com/cms/index/address.html
[运行时间：0.254048s] [吞吐率：3.94req/s] [内存消耗：3,223.23kb] [文件加载：107]
[ info ] [ LANG ] G:\php_document\1shop\code\thinkphp\lang\zh-cn.php
[ info ] [ DB ] INIT mysql
[ info ] [ ROUTE ] array (
)
[ info ] [ HEADER ] array (
  'cookie' => '_trs_uv=k9zc2onq_259_hmmq; dolphin_uid=1; dolphin_signin_token=dc27e9a48ef4a574c73b2dbf5fa3e58f92ada085; Hm_lvt_4e5bdf78b2b9fcb88736fc67709f2806=1589693523,1589866359,1589953112,1590041000; Hm_lpvt_4e5bdf78b2b9fcb88736fc67709f2806=1590041239',
  'accept-language' => 'zh-CN,zh;q=0.9',
  'accept-encoding' => 'gzip, deflate',
  'referer' => 'http://eshop.com/cms/Products/products.html',
  'accept' => 'text/html,application/xhtml+xml,application/xml;q=0.9,image/webp,image/apng,*/*;q=0.8',
  'user-agent' => 'Mozilla/5.0 (Windows NT 10.0; WOW64) AppleWebKit/537.36 (KHTML, like Gecko) Chrome/70.0.3538.25 Safari/537.36 Core/1.70.3741.400 QQBrowser/10.5.3863.400',
  'upgrade-insecure-requests' => '1',
  'cache-control' => 'max-age=0',
  'connection' => 'close',
  'host' => 'eshop.com',
)
[ info ] [ PARAM ] array (
)
[ info ] [ VIEW ] G:\php_document\1shop\code\application\cms\view\index\address.html [ array (
  0 => 'main_nav',
  1 => 'about_nav',
  2 => 'support_nav',
  3 => 'slider',
  4 => 'support',
) ]
[ sql ] [ DB ] CONNECT:[ UseTime:0.020299s ] mysql:host=127.0.0.1;port=3306;dbname=eshop;charset=utf8
[ sql ] [ SQL ] SHOW COLUMNS FROM `dp_admin_config` [ RunTime:0.013655s ]
[ sql ] [ SQL ] SELECT `name`,`value`,`type` FROM `dp_admin_config` [ RunTime:0.009617s ]
[ sql ] [ SQL ] SHOW COLUMNS FROM `dp_admin_module` [ RunTime:0.012240s ]
[ sql ] [ SQL ] SELECT `name`,`config` FROM `dp_admin_module` WHERE  `config` <> '' [ RunTime:0.000623s ]
[ sql ] [ SQL ] SHOW COLUMNS FROM `dp_admin_hook` [ RunTime:0.011139s ]
[ sql ] [ SQL ] SELECT `name`,`status` FROM `dp_admin_hook` WHERE  `status` = 1 [ RunTime:0.000462s ]
[ sql ] [ SQL ] SHOW COLUMNS FROM `dp_admin_plugin` [ RunTime:0.010692s ]
[ sql ] [ SQL ] SELECT `name`,`status` FROM `dp_admin_plugin` WHERE  `status` = 1 [ RunTime:0.000492s ]
[ sql ] [ SQL ] SHOW COLUMNS FROM `dp_admin_hook_plugin` [ RunTime:0.011599s ]
[ sql ] [ SQL ] SELECT * FROM `dp_admin_hook_plugin` WHERE  `status` = 1 ORDER BY `hook`,`sort` [ RunTime:0.000435s ]
[ sql ] [ SQL ] SHOW COLUMNS FROM `dp_cms_nav` [ RunTime:0.012084s ]
[ sql ] [ SQL ] SELECT `id`,`tag` FROM `dp_cms_nav` WHERE  `status` = 1 [ RunTime:0.000439s ]
[ sql ] [ SQL ] SHOW COLUMNS FROM `dp_cms_menu` [ RunTime:0.012075s ]
[ sql ] [ SQL ] SELECT `cms_menu`.*,cms_column.name AS column_name,cms_page.title AS page_title FROM `dp_cms_menu` `cms_menu` LEFT JOIN `dp_cms_column` `cms_column` ON `cms_menu`.`column`=`cms_column`.`id` LEFT JOIN `dp_cms_page` `cms_page` ON `cms_menu`.`page`=`cms_page`.`id` WHERE  `cms_menu`.`nid` = 1  AND `cms_menu`.`status` = 1 ORDER BY `cms_menu`.`sort`,`cms_menu`.`pid`,`cms_menu`.`id` [ RunTime:0.000821s ]
[ sql ] [ SQL ] SELECT `cms_menu`.*,cms_column.name AS column_name,cms_page.title AS page_title FROM `dp_cms_menu` `cms_menu` LEFT JOIN `dp_cms_column` `cms_column` ON `cms_menu`.`column`=`cms_column`.`id` LEFT JOIN `dp_cms_page` `cms_page` ON `cms_menu`.`page`=`cms_page`.`id` WHERE  `cms_menu`.`nid` = 2  AND `cms_menu`.`status` = 1 ORDER BY `cms_menu`.`sort`,`cms_menu`.`pid`,`cms_menu`.`id` [ RunTime:0.000628s ]
[ sql ] [ SQL ] SELECT `cms_menu`.*,cms_column.name AS column_name,cms_page.title AS page_title FROM `dp_cms_menu` `cms_menu` LEFT JOIN `dp_cms_column` `cms_column` ON `cms_menu`.`column`=`cms_column`.`id` LEFT JOIN `dp_cms_page` `cms_page` ON `cms_menu`.`page`=`cms_page`.`id` WHERE  `cms_menu`.`nid` = 3  AND `cms_menu`.`status` = 1 ORDER BY `cms_menu`.`sort`,`cms_menu`.`pid`,`cms_menu`.`id` [ RunTime:0.000482s ]
[ sql ] [ SQL ] SHOW COLUMNS FROM `dp_cms_slider` [ RunTime:0.010787s ]
[ sql ] [ SQL ] SELECT * FROM `dp_cms_slider` WHERE  `status` = 1 [ RunTime:0.000423s ]
[ sql ] [ SQL ] SHOW COLUMNS FROM `dp_cms_support` [ RunTime:0.011213s ]
[ sql ] [ SQL ] SELECT * FROM `dp_cms_support` WHERE  `status` = 1 ORDER BY `sort` [ RunTime:0.000555s ]
---------------------------------------------------------------

[2020-05-21T14:32:04+08:00] 127.0.0.1 GET eshop.com/cms/index/address.html
[运行时间：0.255481s] [吞吐率：3.91req/s] [内存消耗：3,223.60kb] [文件加载：107]
[ info ] [ LANG ] G:\php_document\1shop\code\thinkphp\lang\zh-cn.php
[ info ] [ DB ] INIT mysql
[ info ] [ ROUTE ] array (
)
[ info ] [ HEADER ] array (
  'cookie' => '_trs_uv=k9zc2onq_259_hmmq; dolphin_uid=1; dolphin_signin_token=dc27e9a48ef4a574c73b2dbf5fa3e58f92ada085; Hm_lvt_4e5bdf78b2b9fcb88736fc67709f2806=1589693523,1589866359,1589953112,1590041000; Hm_lpvt_4e5bdf78b2b9fcb88736fc67709f2806=1590041940',
  'accept-language' => 'zh-CN,zh;q=0.9',
  'accept-encoding' => 'gzip, deflate',
  'referer' => 'http://eshop.com/cms/Products/products.html',
  'accept' => 'text/html,application/xhtml+xml,application/xml;q=0.9,image/webp,image/apng,*/*;q=0.8',
  'user-agent' => 'Mozilla/5.0 (Windows NT 10.0; WOW64) AppleWebKit/537.36 (KHTML, like Gecko) Chrome/70.0.3538.25 Safari/537.36 Core/1.70.3741.400 QQBrowser/10.5.3863.400',
  'upgrade-insecure-requests' => '1',
  'cache-control' => 'max-age=0',
  'connection' => 'close',
  'host' => 'eshop.com',
)
[ info ] [ PARAM ] array (
)
[ info ] [ VIEW ] G:\php_document\1shop\code\application\cms\view\index\address.html [ array (
  0 => 'main_nav',
  1 => 'about_nav',
  2 => 'support_nav',
  3 => 'slider',
  4 => 'support',
) ]
[ sql ] [ DB ] CONNECT:[ UseTime:0.008560s ] mysql:host=127.0.0.1;port=3306;dbname=eshop;charset=utf8
[ sql ] [ SQL ] SHOW COLUMNS FROM `dp_admin_config` [ RunTime:0.016674s ]
[ sql ] [ SQL ] SELECT `name`,`value`,`type` FROM `dp_admin_config` [ RunTime:0.000538s ]
[ sql ] [ SQL ] SHOW COLUMNS FROM `dp_admin_module` [ RunTime:0.016428s ]
[ sql ] [ SQL ] SELECT `name`,`config` FROM `dp_admin_module` WHERE  `config` <> '' [ RunTime:0.000619s ]
[ sql ] [ SQL ] SHOW COLUMNS FROM `dp_admin_hook` [ RunTime:0.011943s ]
[ sql ] [ SQL ] SELECT `name`,`status` FROM `dp_admin_hook` WHERE  `status` = 1 [ RunTime:0.000527s ]
[ sql ] [ SQL ] SHOW COLUMNS FROM `dp_admin_plugin` [ RunTime:0.011957s ]
[ sql ] [ SQL ] SELECT `name`,`status` FROM `dp_admin_plugin` WHERE  `status` = 1 [ RunTime:0.000415s ]
[ sql ] [ SQL ] SHOW COLUMNS FROM `dp_admin_hook_plugin` [ RunTime:0.012005s ]
[ sql ] [ SQL ] SELECT * FROM `dp_admin_hook_plugin` WHERE  `status` = 1 ORDER BY `hook`,`sort` [ RunTime:0.000508s ]
[ sql ] [ SQL ] SHOW COLUMNS FROM `dp_cms_nav` [ RunTime:0.011898s ]
[ sql ] [ SQL ] SELECT `id`,`tag` FROM `dp_cms_nav` WHERE  `status` = 1 [ RunTime:0.000448s ]
[ sql ] [ SQL ] SHOW COLUMNS FROM `dp_cms_menu` [ RunTime:0.012181s ]
[ sql ] [ SQL ] SELECT `cms_menu`.*,cms_column.name AS column_name,cms_page.title AS page_title FROM `dp_cms_menu` `cms_menu` LEFT JOIN `dp_cms_column` `cms_column` ON `cms_menu`.`column`=`cms_column`.`id` LEFT JOIN `dp_cms_page` `cms_page` ON `cms_menu`.`page`=`cms_page`.`id` WHERE  `cms_menu`.`nid` = 1  AND `cms_menu`.`status` = 1 ORDER BY `cms_menu`.`sort`,`cms_menu`.`pid`,`cms_menu`.`id` [ RunTime:0.002419s ]
[ sql ] [ SQL ] SELECT `cms_menu`.*,cms_column.name AS column_name,cms_page.title AS page_title FROM `dp_cms_menu` `cms_menu` LEFT JOIN `dp_cms_column` `cms_column` ON `cms_menu`.`column`=`cms_column`.`id` LEFT JOIN `dp_cms_page` `cms_page` ON `cms_menu`.`page`=`cms_page`.`id` WHERE  `cms_menu`.`nid` = 2  AND `cms_menu`.`status` = 1 ORDER BY `cms_menu`.`sort`,`cms_menu`.`pid`,`cms_menu`.`id` [ RunTime:0.000640s ]
[ sql ] [ SQL ] SELECT `cms_menu`.*,cms_column.name AS column_name,cms_page.title AS page_title FROM `dp_cms_menu` `cms_menu` LEFT JOIN `dp_cms_column` `cms_column` ON `cms_menu`.`column`=`cms_column`.`id` LEFT JOIN `dp_cms_page` `cms_page` ON `cms_menu`.`page`=`cms_page`.`id` WHERE  `cms_menu`.`nid` = 3  AND `cms_menu`.`status` = 1 ORDER BY `cms_menu`.`sort`,`cms_menu`.`pid`,`cms_menu`.`id` [ RunTime:0.000492s ]
[ sql ] [ SQL ] SHOW COLUMNS FROM `dp_cms_slider` [ RunTime:0.012393s ]
[ sql ] [ SQL ] SELECT * FROM `dp_cms_slider` WHERE  `status` = 1 [ RunTime:0.000406s ]
[ sql ] [ SQL ] SHOW COLUMNS FROM `dp_cms_support` [ RunTime:0.011450s ]
[ sql ] [ SQL ] SELECT * FROM `dp_cms_support` WHERE  `status` = 1 ORDER BY `sort` [ RunTime:0.000519s ]
---------------------------------------------------------------

[2020-05-21T14:33:43+08:00] 127.0.0.1 GET eshop.com/cms/index/address.html
[运行时间：0.196351s] [吞吐率：5.09req/s] [内存消耗：3,223.41kb] [文件加载：107]
[ info ] [ LANG ] G:\php_document\1shop\code\thinkphp\lang\zh-cn.php
[ info ] [ DB ] INIT mysql
[ info ] [ ROUTE ] array (
)
[ info ] [ HEADER ] array (
  'cookie' => '_trs_uv=k9zc2onq_259_hmmq; dolphin_uid=1; dolphin_signin_token=dc27e9a48ef4a574c73b2dbf5fa3e58f92ada085; Hm_lvt_4e5bdf78b2b9fcb88736fc67709f2806=1589693523,1589866359,1589953112,1590041000; Hm_lpvt_4e5bdf78b2b9fcb88736fc67709f2806=1590042725',
  'accept-language' => 'zh-CN,zh;q=0.9',
  'accept-encoding' => 'gzip, deflate',
  'referer' => 'http://eshop.com/cms/Products/products.html',
  'accept' => 'text/html,application/xhtml+xml,application/xml;q=0.9,image/webp,image/apng,*/*;q=0.8',
  'user-agent' => 'Mozilla/5.0 (Windows NT 10.0; WOW64) AppleWebKit/537.36 (KHTML, like Gecko) Chrome/70.0.3538.25 Safari/537.36 Core/1.70.3741.400 QQBrowser/10.5.3863.400',
  'upgrade-insecure-requests' => '1',
  'cache-control' => 'no-cache',
  'pragma' => 'no-cache',
  'connection' => 'close',
  'host' => 'eshop.com',
)
[ info ] [ PARAM ] array (
)
[ info ] [ VIEW ] G:\php_document\1shop\code\application\cms\view\index\address.html [ array (
  0 => 'main_nav',
  1 => 'about_nav',
  2 => 'support_nav',
  3 => 'slider',
  4 => 'support',
) ]
[ sql ] [ DB ] CONNECT:[ UseTime:0.001004s ] mysql:host=127.0.0.1;port=3306;dbname=eshop;charset=utf8
[ sql ] [ SQL ] SHOW COLUMNS FROM `dp_admin_config` [ RunTime:0.016475s ]
[ sql ] [ SQL ] SELECT `name`,`value`,`type` FROM `dp_admin_config` [ RunTime:0.000491s ]
[ sql ] [ SQL ] SHOW COLUMNS FROM `dp_admin_module` [ RunTime:0.011416s ]
[ sql ] [ SQL ] SELECT `name`,`config` FROM `dp_admin_module` WHERE  `config` <> '' [ RunTime:0.000661s ]
[ sql ] [ SQL ] SHOW COLUMNS FROM `dp_admin_hook` [ RunTime:0.011599s ]
[ sql ] [ SQL ] SELECT `name`,`status` FROM `dp_admin_hook` WHERE  `status` = 1 [ RunTime:0.000564s ]
[ sql ] [ SQL ] SHOW COLUMNS FROM `dp_admin_plugin` [ RunTime:0.011168s ]
[ sql ] [ SQL ] SELECT `name`,`status` FROM `dp_admin_plugin` WHERE  `status` = 1 [ RunTime:0.000553s ]
[ sql ] [ SQL ] SHOW COLUMNS FROM `dp_admin_hook_plugin` [ RunTime:0.013566s ]
[ sql ] [ SQL ] SELECT * FROM `dp_admin_hook_plugin` WHERE  `status` = 1 ORDER BY `hook`,`sort` [ RunTime:0.000755s ]
[ sql ] [ SQL ] SHOW COLUMNS FROM `dp_cms_nav` [ RunTime:0.011482s ]
[ sql ] [ SQL ] SELECT `id`,`tag` FROM `dp_cms_nav` WHERE  `status` = 1 [ RunTime:0.000435s ]
[ sql ] [ SQL ] SHOW COLUMNS FROM `dp_cms_menu` [ RunTime:0.011246s ]
[ sql ] [ SQL ] SELECT `cms_menu`.*,cms_column.name AS column_name,cms_page.title AS page_title FROM `dp_cms_menu` `cms_menu` LEFT JOIN `dp_cms_column` `cms_column` ON `cms_menu`.`column`=`cms_column`.`id` LEFT JOIN `dp_cms_page` `cms_page` ON `cms_menu`.`page`=`cms_page`.`id` WHERE  `cms_menu`.`nid` = 1  AND `cms_menu`.`status` = 1 ORDER BY `cms_menu`.`sort`,`cms_menu`.`pid`,`cms_menu`.`id` [ RunTime:0.000580s ]
[ sql ] [ SQL ] SELECT `cms_menu`.*,cms_column.name AS column_name,cms_page.title AS page_title FROM `dp_cms_menu` `cms_menu` LEFT JOIN `dp_cms_column` `cms_column` ON `cms_menu`.`column`=`cms_column`.`id` LEFT JOIN `dp_cms_page` `cms_page` ON `cms_menu`.`page`=`cms_page`.`id` WHERE  `cms_menu`.`nid` = 2  AND `cms_menu`.`status` = 1 ORDER BY `cms_menu`.`sort`,`cms_menu`.`pid`,`cms_menu`.`id` [ RunTime:0.000667s ]
[ sql ] [ SQL ] SELECT `cms_menu`.*,cms_column.name AS column_name,cms_page.title AS page_title FROM `dp_cms_menu` `cms_menu` LEFT JOIN `dp_cms_column` `cms_column` ON `cms_menu`.`column`=`cms_column`.`id` LEFT JOIN `dp_cms_page` `cms_page` ON `cms_menu`.`page`=`cms_page`.`id` WHERE  `cms_menu`.`nid` = 3  AND `cms_menu`.`status` = 1 ORDER BY `cms_menu`.`sort`,`cms_menu`.`pid`,`cms_menu`.`id` [ RunTime:0.000472s ]
[ sql ] [ SQL ] SHOW COLUMNS FROM `dp_cms_slider` [ RunTime:0.011801s ]
[ sql ] [ SQL ] SELECT * FROM `dp_cms_slider` WHERE  `status` = 1 [ RunTime:0.000480s ]
[ sql ] [ SQL ] SHOW COLUMNS FROM `dp_cms_support` [ RunTime:0.011972s ]
[ sql ] [ SQL ] SELECT * FROM `dp_cms_support` WHERE  `status` = 1 ORDER BY `sort` [ RunTime:0.000421s ]
---------------------------------------------------------------

[2020-05-21T14:35:00+08:00] 127.0.0.1 GET eshop.com/cms/index/address.html
[运行时间：0.209539s] [吞吐率：4.77req/s] [内存消耗：3,223.48kb] [文件加载：107]
[ info ] [ LANG ] G:\php_document\1shop\code\thinkphp\lang\zh-cn.php
[ info ] [ DB ] INIT mysql
[ info ] [ ROUTE ] array (
)
[ info ] [ HEADER ] array (
  'cookie' => '_trs_uv=k9zc2onq_259_hmmq; dolphin_uid=1; dolphin_signin_token=dc27e9a48ef4a574c73b2dbf5fa3e58f92ada085; Hm_lvt_4e5bdf78b2b9fcb88736fc67709f2806=1589693523,1589866359,1589953112,1590041000; Hm_lpvt_4e5bdf78b2b9fcb88736fc67709f2806=1590042825',
  'accept-language' => 'zh-CN,zh;q=0.9',
  'accept-encoding' => 'gzip, deflate',
  'referer' => 'http://eshop.com/cms/Products/products.html',
  'accept' => 'text/html,application/xhtml+xml,application/xml;q=0.9,image/webp,image/apng,*/*;q=0.8',
  'user-agent' => 'Mozilla/5.0 (Windows NT 10.0; WOW64) AppleWebKit/537.36 (KHTML, like Gecko) Chrome/70.0.3538.25 Safari/537.36 Core/1.70.3741.400 QQBrowser/10.5.3863.400',
  'upgrade-insecure-requests' => '1',
  'cache-control' => 'max-age=0',
  'connection' => 'close',
  'host' => 'eshop.com',
)
[ info ] [ PARAM ] array (
)
[ info ] [ VIEW ] G:\php_document\1shop\code\application\cms\view\index\address.html [ array (
  0 => 'main_nav',
  1 => 'about_nav',
  2 => 'support_nav',
  3 => 'slider',
  4 => 'support',
) ]
[ sql ] [ DB ] CONNECT:[ UseTime:0.000967s ] mysql:host=127.0.0.1;port=3306;dbname=eshop;charset=utf8
[ sql ] [ SQL ] SHOW COLUMNS FROM `dp_admin_config` [ RunTime:0.021583s ]
[ sql ] [ SQL ] SELECT `name`,`value`,`type` FROM `dp_admin_config` [ RunTime:0.000509s ]
[ sql ] [ SQL ] SHOW COLUMNS FROM `dp_admin_module` [ RunTime:0.010771s ]
[ sql ] [ SQL ] SELECT `name`,`config` FROM `dp_admin_module` WHERE  `config` <> '' [ RunTime:0.000431s ]
[ sql ] [ SQL ] SHOW COLUMNS FROM `dp_admin_hook` [ RunTime:0.010881s ]
[ sql ] [ SQL ] SELECT `name`,`status` FROM `dp_admin_hook` WHERE  `status` = 1 [ RunTime:0.000476s ]
[ sql ] [ SQL ] SHOW COLUMNS FROM `dp_admin_plugin` [ RunTime:0.010782s ]
[ sql ] [ SQL ] SELECT `name`,`status` FROM `dp_admin_plugin` WHERE  `status` = 1 [ RunTime:0.000433s ]
[ sql ] [ SQL ] SHOW COLUMNS FROM `dp_admin_hook_plugin` [ RunTime:0.014136s ]
[ sql ] [ SQL ] SELECT * FROM `dp_admin_hook_plugin` WHERE  `status` = 1 ORDER BY `hook`,`sort` [ RunTime:0.000596s ]
[ sql ] [ SQL ] SHOW COLUMNS FROM `dp_cms_nav` [ RunTime:0.011374s ]
[ sql ] [ SQL ] SELECT `id`,`tag` FROM `dp_cms_nav` WHERE  `status` = 1 [ RunTime:0.000475s ]
[ sql ] [ SQL ] SHOW COLUMNS FROM `dp_cms_menu` [ RunTime:0.010150s ]
[ sql ] [ SQL ] SELECT `cms_menu`.*,cms_column.name AS column_name,cms_page.title AS page_title FROM `dp_cms_menu` `cms_menu` LEFT JOIN `dp_cms_column` `cms_column` ON `cms_menu`.`column`=`cms_column`.`id` LEFT JOIN `dp_cms_page` `cms_page` ON `cms_menu`.`page`=`cms_page`.`id` WHERE  `cms_menu`.`nid` = 1  AND `cms_menu`.`status` = 1 ORDER BY `cms_menu`.`sort`,`cms_menu`.`pid`,`cms_menu`.`id` [ RunTime:0.000626s ]
[ sql ] [ SQL ] SELECT `cms_menu`.*,cms_column.name AS column_name,cms_page.title AS page_title FROM `dp_cms_menu` `cms_menu` LEFT JOIN `dp_cms_column` `cms_column` ON `cms_menu`.`column`=`cms_column`.`id` LEFT JOIN `dp_cms_page` `cms_page` ON `cms_menu`.`page`=`cms_page`.`id` WHERE  `cms_menu`.`nid` = 2  AND `cms_menu`.`status` = 1 ORDER BY `cms_menu`.`sort`,`cms_menu`.`pid`,`cms_menu`.`id` [ RunTime:0.000710s ]
[ sql ] [ SQL ] SELECT `cms_menu`.*,cms_column.name AS column_name,cms_page.title AS page_title FROM `dp_cms_menu` `cms_menu` LEFT JOIN `dp_cms_column` `cms_column` ON `cms_menu`.`column`=`cms_column`.`id` LEFT JOIN `dp_cms_page` `cms_page` ON `cms_menu`.`page`=`cms_page`.`id` WHERE  `cms_menu`.`nid` = 3  AND `cms_menu`.`status` = 1 ORDER BY `cms_menu`.`sort`,`cms_menu`.`pid`,`cms_menu`.`id` [ RunTime:0.005541s ]
[ sql ] [ SQL ] SHOW COLUMNS FROM `dp_cms_slider` [ RunTime:0.010608s ]
[ sql ] [ SQL ] SELECT * FROM `dp_cms_slider` WHERE  `status` = 1 [ RunTime:0.000440s ]
[ sql ] [ SQL ] SHOW COLUMNS FROM `dp_cms_support` [ RunTime:0.012437s ]
[ sql ] [ SQL ] SELECT * FROM `dp_cms_support` WHERE  `status` = 1 ORDER BY `sort` [ RunTime:0.000479s ]
---------------------------------------------------------------

[2020-05-21T14:35:20+08:00] 127.0.0.1 GET eshop.com/cms/index/address.html
[运行时间：0.230142s] [吞吐率：4.35req/s] [内存消耗：3,222.48kb] [文件加载：107]
[ info ] [ LANG ] G:\php_document\1shop\code\thinkphp\lang\zh-cn.php
[ info ] [ DB ] INIT mysql
[ info ] [ ROUTE ] array (
)
[ info ] [ HEADER ] array (
  'cookie' => '_trs_uv=k9zc2onq_259_hmmq; dolphin_uid=1; dolphin_signin_token=dc27e9a48ef4a574c73b2dbf5fa3e58f92ada085; Hm_lvt_4e5bdf78b2b9fcb88736fc67709f2806=1589693523,1589866359,1589953112,1590041000; Hm_lpvt_4e5bdf78b2b9fcb88736fc67709f2806=1590042902',
  'accept-language' => 'zh-CN,zh;q=0.9',
  'accept-encoding' => 'gzip, deflate',
  'referer' => 'http://eshop.com/cms/Products/products.html',
  'accept' => 'text/html,application/xhtml+xml,application/xml;q=0.9,image/webp,image/apng,*/*;q=0.8',
  'user-agent' => 'Mozilla/5.0 (Windows NT 10.0; WOW64) AppleWebKit/537.36 (KHTML, like Gecko) Chrome/70.0.3538.25 Safari/537.36 Core/1.70.3741.400 QQBrowser/10.5.3863.400',
  'upgrade-insecure-requests' => '1',
  'cache-control' => 'max-age=0',
  'connection' => 'close',
  'host' => 'eshop.com',
)
[ info ] [ PARAM ] array (
)
[ info ] [ VIEW ] G:\php_document\1shop\code\application\cms\view\index\address.html [ array (
  0 => 'main_nav',
  1 => 'about_nav',
  2 => 'support_nav',
  3 => 'slider',
  4 => 'support',
) ]
[ sql ] [ DB ] CONNECT:[ UseTime:0.001095s ] mysql:host=127.0.0.1;port=3306;dbname=eshop;charset=utf8
[ sql ] [ SQL ] SHOW COLUMNS FROM `dp_admin_config` [ RunTime:0.015654s ]
[ sql ] [ SQL ] SELECT `name`,`value`,`type` FROM `dp_admin_config` [ RunTime:0.000621s ]
[ sql ] [ SQL ] SHOW COLUMNS FROM `dp_admin_module` [ RunTime:0.013143s ]
[ sql ] [ SQL ] SELECT `name`,`config` FROM `dp_admin_module` WHERE  `config` <> '' [ RunTime:0.000512s ]
[ sql ] [ SQL ] SHOW COLUMNS FROM `dp_admin_hook` [ RunTime:0.023992s ]
[ sql ] [ SQL ] SELECT `name`,`status` FROM `dp_admin_hook` WHERE  `status` = 1 [ RunTime:0.000811s ]
[ sql ] [ SQL ] SHOW COLUMNS FROM `dp_admin_plugin` [ RunTime:0.012985s ]
[ sql ] [ SQL ] SELECT `name`,`status` FROM `dp_admin_plugin` WHERE  `status` = 1 [ RunTime:0.000542s ]
[ sql ] [ SQL ] SHOW COLUMNS FROM `dp_admin_hook_plugin` [ RunTime:0.014504s ]
[ sql ] [ SQL ] SELECT * FROM `dp_admin_hook_plugin` WHERE  `status` = 1 ORDER BY `hook`,`sort` [ RunTime:0.000677s ]
[ sql ] [ SQL ] SHOW COLUMNS FROM `dp_cms_nav` [ RunTime:0.016172s ]
[ sql ] [ SQL ] SELECT `id`,`tag` FROM `dp_cms_nav` WHERE  `status` = 1 [ RunTime:0.000630s ]
[ sql ] [ SQL ] SHOW COLUMNS FROM `dp_cms_menu` [ RunTime:0.013279s ]
[ sql ] [ SQL ] SELECT `cms_menu`.*,cms_column.name AS column_name,cms_page.title AS page_title FROM `dp_cms_menu` `cms_menu` LEFT JOIN `dp_cms_column` `cms_column` ON `cms_menu`.`column`=`cms_column`.`id` LEFT JOIN `dp_cms_page` `cms_page` ON `cms_menu`.`page`=`cms_page`.`id` WHERE  `cms_menu`.`nid` = 1  AND `cms_menu`.`status` = 1 ORDER BY `cms_menu`.`sort`,`cms_menu`.`pid`,`cms_menu`.`id` [ RunTime:0.000759s ]
[ sql ] [ SQL ] SELECT `cms_menu`.*,cms_column.name AS column_name,cms_page.title AS page_title FROM `dp_cms_menu` `cms_menu` LEFT JOIN `dp_cms_column` `cms_column` ON `cms_menu`.`column`=`cms_column`.`id` LEFT JOIN `dp_cms_page` `cms_page` ON `cms_menu`.`page`=`cms_page`.`id` WHERE  `cms_menu`.`nid` = 2  AND `cms_menu`.`status` = 1 ORDER BY `cms_menu`.`sort`,`cms_menu`.`pid`,`cms_menu`.`id` [ RunTime:0.000709s ]
[ sql ] [ SQL ] SELECT `cms_menu`.*,cms_column.name AS column_name,cms_page.title AS page_title FROM `dp_cms_menu` `cms_menu` LEFT JOIN `dp_cms_column` `cms_column` ON `cms_menu`.`column`=`cms_column`.`id` LEFT JOIN `dp_cms_page` `cms_page` ON `cms_menu`.`page`=`cms_page`.`id` WHERE  `cms_menu`.`nid` = 3  AND `cms_menu`.`status` = 1 ORDER BY `cms_menu`.`sort`,`cms_menu`.`pid`,`cms_menu`.`id` [ RunTime:0.000620s ]
[ sql ] [ SQL ] SHOW COLUMNS FROM `dp_cms_slider` [ RunTime:0.013709s ]
[ sql ] [ SQL ] SELECT * FROM `dp_cms_slider` WHERE  `status` = 1 [ RunTime:0.000468s ]
[ sql ] [ SQL ] SHOW COLUMNS FROM `dp_cms_support` [ RunTime:0.012775s ]
[ sql ] [ SQL ] SELECT * FROM `dp_cms_support` WHERE  `status` = 1 ORDER BY `sort` [ RunTime:0.000448s ]
