---------------------------------------------------------------

[2020-05-22T16:07:46+08:00] 127.0.0.1 GET eshop.com/
[运行时间：1.581245s] [吞吐率：0.63req/s] [内存消耗：3,026.28kb] [文件加载：101]
[ info ] [ LANG ] G:\php_document\1shop\code\thinkphp\lang\zh-cn.php
[ info ] [ DB ] INIT mysql
[ info ] [ ROUTE ] array (
)
[ info ] [ HEADER ] array (
  'cookie' => '_trs_uv=k9zc2onq_259_hmmq; dolphin_uid=1; dolphin_signin_token=dc27e9a48ef4a574c73b2dbf5fa3e58f92ada085; Hm_lvt_4e5bdf78b2b9fcb88736fc67709f2806=1589693523,1589866359,1589953112,1590041000',
  'accept-language' => 'zh-CN,zh;q=0.9',
  'accept-encoding' => 'gzip, deflate',
  'accept' => 'text/html,application/xhtml+xml,application/xml;q=0.9,image/webp,image/apng,*/*;q=0.8',
  'user-agent' => 'Mozilla/5.0 (Windows NT 10.0; WOW64) AppleWebKit/537.36 (KHTML, like Gecko) Chrome/70.0.3538.25 Safari/537.36 Core/1.70.3741.400 QQBrowser/10.5.3863.400',
  'upgrade-insecure-requests' => '1',
  'cache-control' => 'max-age=0',
  'connection' => 'close',
  'host' => 'eshop.com',
)
[ info ] [ PARAM ] array (
)
[ sql ] [ DB ] CONNECT:[ UseTime:0.122479s ] mysql:host=127.0.0.1;port=3306;dbname=eshop;charset=utf8
[ sql ] [ SQL ] SHOW COLUMNS FROM `dp_admin_config` [ RunTime:0.259514s ]
[ sql ] [ SQL ] SELECT `name`,`value`,`type` FROM `dp_admin_config` [ RunTime:0.002940s ]
[ sql ] [ SQL ] SHOW COLUMNS FROM `dp_admin_module` [ RunTime:0.012696s ]
[ sql ] [ SQL ] SELECT `name`,`config` FROM `dp_admin_module` WHERE  `config` <> '' [ RunTime:0.040481s ]
[ sql ] [ SQL ] SHOW COLUMNS FROM `dp_admin_hook` [ RunTime:0.049258s ]
[ sql ] [ SQL ] SELECT `name`,`status` FROM `dp_admin_hook` WHERE  `status` = 1 [ RunTime:0.001159s ]
[ sql ] [ SQL ] SHOW COLUMNS FROM `dp_admin_plugin` [ RunTime:0.014699s ]
[ sql ] [ SQL ] SELECT `name`,`status` FROM `dp_admin_plugin` WHERE  `status` = 1 [ RunTime:0.001313s ]
[ sql ] [ SQL ] SHOW COLUMNS FROM `dp_admin_hook_plugin` [ RunTime:0.015785s ]
[ sql ] [ SQL ] SELECT * FROM `dp_admin_hook_plugin` WHERE  `status` = 1 ORDER BY `hook`,`sort` [ RunTime:0.033319s ]
---------------------------------------------------------------

[2020-05-22T16:07:47+08:00] 127.0.0.1 GET eshop.com/cms/index/index.html
[运行时间：0.743300s] [吞吐率：1.35req/s] [内存消耗：3,217.01kb] [文件加载：107]
[ info ] [ LANG ] G:\php_document\1shop\code\thinkphp\lang\zh-cn.php
[ info ] [ DB ] INIT mysql
[ info ] [ ROUTE ] array (
)
[ info ] [ HEADER ] array (
  'cookie' => '_trs_uv=k9zc2onq_259_hmmq; dolphin_uid=1; dolphin_signin_token=dc27e9a48ef4a574c73b2dbf5fa3e58f92ada085; Hm_lvt_4e5bdf78b2b9fcb88736fc67709f2806=1589693523,1589866359,1589953112,1590041000',
  'accept-language' => 'zh-CN,zh;q=0.9',
  'accept-encoding' => 'gzip, deflate',
  'accept' => 'text/html,application/xhtml+xml,application/xml;q=0.9,image/webp,image/apng,*/*;q=0.8',
  'user-agent' => 'Mozilla/5.0 (Windows NT 10.0; WOW64) AppleWebKit/537.36 (KHTML, like Gecko) Chrome/70.0.3538.25 Safari/537.36 Core/1.70.3741.400 QQBrowser/10.5.3863.400',
  'upgrade-insecure-requests' => '1',
  'cache-control' => 'max-age=0',
  'connection' => 'close',
  'host' => 'eshop.com',
)
[ info ] [ PARAM ] array (
)
[ info ] [ VIEW ] G:\php_document\1shop\code\application\cms\view\index\index.html [ array (
  0 => 'main_nav',
  1 => 'about_nav',
  2 => 'support_nav',
  3 => 'slider',
  4 => 'support',
) ]
[ sql ] [ DB ] CONNECT:[ UseTime:0.014968s ] mysql:host=127.0.0.1;port=3306;dbname=eshop;charset=utf8
[ sql ] [ SQL ] SHOW COLUMNS FROM `dp_admin_config` [ RunTime:0.017913s ]
[ sql ] [ SQL ] SELECT `name`,`value`,`type` FROM `dp_admin_config` [ RunTime:0.000490s ]
[ sql ] [ SQL ] SHOW COLUMNS FROM `dp_admin_module` [ RunTime:0.012817s ]
[ sql ] [ SQL ] SELECT `name`,`config` FROM `dp_admin_module` WHERE  `config` <> '' [ RunTime:0.000523s ]
[ sql ] [ SQL ] SHOW COLUMNS FROM `dp_admin_hook` [ RunTime:0.012162s ]
[ sql ] [ SQL ] SELECT `name`,`status` FROM `dp_admin_hook` WHERE  `status` = 1 [ RunTime:0.000582s ]
[ sql ] [ SQL ] SHOW COLUMNS FROM `dp_admin_plugin` [ RunTime:0.016252s ]
[ sql ] [ SQL ] SELECT `name`,`status` FROM `dp_admin_plugin` WHERE  `status` = 1 [ RunTime:0.000404s ]
[ sql ] [ SQL ] SHOW COLUMNS FROM `dp_admin_hook_plugin` [ RunTime:0.012646s ]
[ sql ] [ SQL ] SELECT * FROM `dp_admin_hook_plugin` WHERE  `status` = 1 ORDER BY `hook`,`sort` [ RunTime:0.000440s ]
[ sql ] [ SQL ] SHOW COLUMNS FROM `dp_cms_nav` [ RunTime:0.113374s ]
[ sql ] [ SQL ] SELECT `id`,`tag` FROM `dp_cms_nav` WHERE  `status` = 1 [ RunTime:0.001063s ]
[ sql ] [ SQL ] SHOW COLUMNS FROM `dp_cms_menu` [ RunTime:0.030567s ]
[ sql ] [ SQL ] SELECT `cms_menu`.*,cms_column.name AS column_name,cms_page.title AS page_title FROM `dp_cms_menu` `cms_menu` LEFT JOIN `dp_cms_column` `cms_column` ON `cms_menu`.`column`=`cms_column`.`id` LEFT JOIN `dp_cms_page` `cms_page` ON `cms_menu`.`page`=`cms_page`.`id` WHERE  `cms_menu`.`nid` = 1  AND `cms_menu`.`status` = 1 ORDER BY `cms_menu`.`sort`,`cms_menu`.`pid`,`cms_menu`.`id` [ RunTime:0.138834s ]
[ sql ] [ SQL ] SELECT `cms_menu`.*,cms_column.name AS column_name,cms_page.title AS page_title FROM `dp_cms_menu` `cms_menu` LEFT JOIN `dp_cms_column` `cms_column` ON `cms_menu`.`column`=`cms_column`.`id` LEFT JOIN `dp_cms_page` `cms_page` ON `cms_menu`.`page`=`cms_page`.`id` WHERE  `cms_menu`.`nid` = 2  AND `cms_menu`.`status` = 1 ORDER BY `cms_menu`.`sort`,`cms_menu`.`pid`,`cms_menu`.`id` [ RunTime:0.000785s ]
[ sql ] [ SQL ] SELECT `cms_menu`.*,cms_column.name AS column_name,cms_page.title AS page_title FROM `dp_cms_menu` `cms_menu` LEFT JOIN `dp_cms_column` `cms_column` ON `cms_menu`.`column`=`cms_column`.`id` LEFT JOIN `dp_cms_page` `cms_page` ON `cms_menu`.`page`=`cms_page`.`id` WHERE  `cms_menu`.`nid` = 3  AND `cms_menu`.`status` = 1 ORDER BY `cms_menu`.`sort`,`cms_menu`.`pid`,`cms_menu`.`id` [ RunTime:0.000670s ]
[ sql ] [ SQL ] SHOW COLUMNS FROM `dp_cms_slider` [ RunTime:0.043367s ]
[ sql ] [ SQL ] SELECT * FROM `dp_cms_slider` WHERE  `status` = 1 [ RunTime:0.000545s ]
[ sql ] [ SQL ] SHOW COLUMNS FROM `dp_cms_support` [ RunTime:0.036911s ]
[ sql ] [ SQL ] SELECT * FROM `dp_cms_support` WHERE  `status` = 1 ORDER BY `sort` [ RunTime:0.000549s ]
---------------------------------------------------------------

[2020-05-22T16:07:50+08:00] 127.0.0.1 GET eshop.com/cms/index/address.html
[运行时间：0.310788s] [吞吐率：3.22req/s] [内存消耗：3,222.99kb] [文件加载：107]
[ info ] [ LANG ] G:\php_document\1shop\code\thinkphp\lang\zh-cn.php
[ info ] [ DB ] INIT mysql
[ info ] [ ROUTE ] array (
)
[ info ] [ HEADER ] array (
  'cookie' => '_trs_uv=k9zc2onq_259_hmmq; dolphin_uid=1; dolphin_signin_token=dc27e9a48ef4a574c73b2dbf5fa3e58f92ada085; Hm_lvt_4e5bdf78b2b9fcb88736fc67709f2806=1589866359,1589953112,1590041000,1590134868; Hm_lpvt_4e5bdf78b2b9fcb88736fc67709f2806=1590134868',
  'accept-language' => 'zh-CN,zh;q=0.9',
  'accept-encoding' => 'gzip, deflate',
  'referer' => 'http://eshop.com/cms/index/index.html',
  'accept' => 'text/html,application/xhtml+xml,application/xml;q=0.9,image/webp,image/apng,*/*;q=0.8',
  'user-agent' => 'Mozilla/5.0 (Windows NT 10.0; WOW64) AppleWebKit/537.36 (KHTML, like Gecko) Chrome/70.0.3538.25 Safari/537.36 Core/1.70.3741.400 QQBrowser/10.5.3863.400',
  'upgrade-insecure-requests' => '1',
  'connection' => 'close',
  'host' => 'eshop.com',
)
[ info ] [ PARAM ] array (
)
[ info ] [ VIEW ] G:\php_document\1shop\code\application\cms\view\index\address.html [ array (
  0 => 'main_nav',
  1 => 'about_nav',
  2 => 'support_nav',
  3 => 'slider',
  4 => 'support',
) ]
[ sql ] [ DB ] CONNECT:[ UseTime:0.000960s ] mysql:host=127.0.0.1;port=3306;dbname=eshop;charset=utf8
[ sql ] [ SQL ] SHOW COLUMNS FROM `dp_admin_config` [ RunTime:0.018489s ]
[ sql ] [ SQL ] SELECT `name`,`value`,`type` FROM `dp_admin_config` [ RunTime:0.000649s ]
[ sql ] [ SQL ] SHOW COLUMNS FROM `dp_admin_module` [ RunTime:0.022967s ]
[ sql ] [ SQL ] SELECT `name`,`config` FROM `dp_admin_module` WHERE  `config` <> '' [ RunTime:0.000679s ]
[ sql ] [ SQL ] SHOW COLUMNS FROM `dp_admin_hook` [ RunTime:0.017716s ]
[ sql ] [ SQL ] SELECT `name`,`status` FROM `dp_admin_hook` WHERE  `status` = 1 [ RunTime:0.000461s ]
[ sql ] [ SQL ] SHOW COLUMNS FROM `dp_admin_plugin` [ RunTime:0.017000s ]
[ sql ] [ SQL ] SELECT `name`,`status` FROM `dp_admin_plugin` WHERE  `status` = 1 [ RunTime:0.000548s ]
[ sql ] [ SQL ] SHOW COLUMNS FROM `dp_admin_hook_plugin` [ RunTime:0.017753s ]
[ sql ] [ SQL ] SELECT * FROM `dp_admin_hook_plugin` WHERE  `status` = 1 ORDER BY `hook`,`sort` [ RunTime:0.000808s ]
[ sql ] [ SQL ] SHOW COLUMNS FROM `dp_cms_nav` [ RunTime:0.015655s ]
[ sql ] [ SQL ] SELECT `id`,`tag` FROM `dp_cms_nav` WHERE  `status` = 1 [ RunTime:0.000391s ]
[ sql ] [ SQL ] SHOW COLUMNS FROM `dp_cms_menu` [ RunTime:0.009831s ]
[ sql ] [ SQL ] SELECT `cms_menu`.*,cms_column.name AS column_name,cms_page.title AS page_title FROM `dp_cms_menu` `cms_menu` LEFT JOIN `dp_cms_column` `cms_column` ON `cms_menu`.`column`=`cms_column`.`id` LEFT JOIN `dp_cms_page` `cms_page` ON `cms_menu`.`page`=`cms_page`.`id` WHERE  `cms_menu`.`nid` = 1  AND `cms_menu`.`status` = 1 ORDER BY `cms_menu`.`sort`,`cms_menu`.`pid`,`cms_menu`.`id` [ RunTime:0.000816s ]
[ sql ] [ SQL ] SELECT `cms_menu`.*,cms_column.name AS column_name,cms_page.title AS page_title FROM `dp_cms_menu` `cms_menu` LEFT JOIN `dp_cms_column` `cms_column` ON `cms_menu`.`column`=`cms_column`.`id` LEFT JOIN `dp_cms_page` `cms_page` ON `cms_menu`.`page`=`cms_page`.`id` WHERE  `cms_menu`.`nid` = 2  AND `cms_menu`.`status` = 1 ORDER BY `cms_menu`.`sort`,`cms_menu`.`pid`,`cms_menu`.`id` [ RunTime:0.000548s ]
[ sql ] [ SQL ] SELECT `cms_menu`.*,cms_column.name AS column_name,cms_page.title AS page_title FROM `dp_cms_menu` `cms_menu` LEFT JOIN `dp_cms_column` `cms_column` ON `cms_menu`.`column`=`cms_column`.`id` LEFT JOIN `dp_cms_page` `cms_page` ON `cms_menu`.`page`=`cms_page`.`id` WHERE  `cms_menu`.`nid` = 3  AND `cms_menu`.`status` = 1 ORDER BY `cms_menu`.`sort`,`cms_menu`.`pid`,`cms_menu`.`id` [ RunTime:0.000367s ]
[ sql ] [ SQL ] SHOW COLUMNS FROM `dp_cms_slider` [ RunTime:0.009771s ]
[ sql ] [ SQL ] SELECT * FROM `dp_cms_slider` WHERE  `status` = 1 [ RunTime:0.000318s ]
[ sql ] [ SQL ] SHOW COLUMNS FROM `dp_cms_support` [ RunTime:0.012908s ]
[ sql ] [ SQL ] SELECT * FROM `dp_cms_support` WHERE  `status` = 1 ORDER BY `sort` [ RunTime:0.000415s ]
---------------------------------------------------------------

[2020-05-22T16:13:17+08:00] 127.0.0.1 GET eshop.com/cms/index/address.html
[运行时间：0.234509s] [吞吐率：4.26req/s] [内存消耗：3,223.04kb] [文件加载：107]
[ info ] [ LANG ] G:\php_document\1shop\code\thinkphp\lang\zh-cn.php
[ info ] [ DB ] INIT mysql
[ info ] [ ROUTE ] array (
)
[ info ] [ HEADER ] array (
  'cookie' => '_trs_uv=k9zc2onq_259_hmmq; dolphin_uid=1; dolphin_signin_token=dc27e9a48ef4a574c73b2dbf5fa3e58f92ada085; Hm_lvt_4e5bdf78b2b9fcb88736fc67709f2806=1589866359,1589953112,1590041000,1590134868; Hm_lpvt_4e5bdf78b2b9fcb88736fc67709f2806=1590134871',
  'accept-language' => 'zh-CN,zh;q=0.9',
  'accept-encoding' => 'gzip, deflate',
  'referer' => 'http://eshop.com/cms/index/index.html',
  'accept' => 'text/html,application/xhtml+xml,application/xml;q=0.9,image/webp,image/apng,*/*;q=0.8',
  'user-agent' => 'Mozilla/5.0 (Windows NT 10.0; WOW64) AppleWebKit/537.36 (KHTML, like Gecko) Chrome/70.0.3538.25 Safari/537.36 Core/1.70.3741.400 QQBrowser/10.5.3863.400',
  'upgrade-insecure-requests' => '1',
  'cache-control' => 'max-age=0',
  'connection' => 'close',
  'host' => 'eshop.com',
)
[ info ] [ PARAM ] array (
)
[ info ] [ VIEW ] G:\php_document\1shop\code\application\cms\view\index\address.html [ array (
  0 => 'main_nav',
  1 => 'about_nav',
  2 => 'support_nav',
  3 => 'slider',
  4 => 'support',
) ]
[ sql ] [ DB ] CONNECT:[ UseTime:0.003595s ] mysql:host=127.0.0.1;port=3306;dbname=eshop;charset=utf8
[ sql ] [ SQL ] SHOW COLUMNS FROM `dp_admin_config` [ RunTime:0.015995s ]
[ sql ] [ SQL ] SELECT `name`,`value`,`type` FROM `dp_admin_config` [ RunTime:0.000559s ]
[ sql ] [ SQL ] SHOW COLUMNS FROM `dp_admin_module` [ RunTime:0.012831s ]
[ sql ] [ SQL ] SELECT `name`,`config` FROM `dp_admin_module` WHERE  `config` <> '' [ RunTime:0.000588s ]
[ sql ] [ SQL ] SHOW COLUMNS FROM `dp_admin_hook` [ RunTime:0.012001s ]
[ sql ] [ SQL ] SELECT `name`,`status` FROM `dp_admin_hook` WHERE  `status` = 1 [ RunTime:0.000536s ]
[ sql ] [ SQL ] SHOW COLUMNS FROM `dp_admin_plugin` [ RunTime:0.013185s ]
[ sql ] [ SQL ] SELECT `name`,`status` FROM `dp_admin_plugin` WHERE  `status` = 1 [ RunTime:0.000445s ]
[ sql ] [ SQL ] SHOW COLUMNS FROM `dp_admin_hook_plugin` [ RunTime:0.012357s ]
[ sql ] [ SQL ] SELECT * FROM `dp_admin_hook_plugin` WHERE  `status` = 1 ORDER BY `hook`,`sort` [ RunTime:0.000489s ]
[ sql ] [ SQL ] SHOW COLUMNS FROM `dp_cms_nav` [ RunTime:0.011983s ]
[ sql ] [ SQL ] SELECT `id`,`tag` FROM `dp_cms_nav` WHERE  `status` = 1 [ RunTime:0.000434s ]
[ sql ] [ SQL ] SHOW COLUMNS FROM `dp_cms_menu` [ RunTime:0.013964s ]
[ sql ] [ SQL ] SELECT `cms_menu`.*,cms_column.name AS column_name,cms_page.title AS page_title FROM `dp_cms_menu` `cms_menu` LEFT JOIN `dp_cms_column` `cms_column` ON `cms_menu`.`column`=`cms_column`.`id` LEFT JOIN `dp_cms_page` `cms_page` ON `cms_menu`.`page`=`cms_page`.`id` WHERE  `cms_menu`.`nid` = 1  AND `cms_menu`.`status` = 1 ORDER BY `cms_menu`.`sort`,`cms_menu`.`pid`,`cms_menu`.`id` [ RunTime:0.002832s ]
[ sql ] [ SQL ] SELECT `cms_menu`.*,cms_column.name AS column_name,cms_page.title AS page_title FROM `dp_cms_menu` `cms_menu` LEFT JOIN `dp_cms_column` `cms_column` ON `cms_menu`.`column`=`cms_column`.`id` LEFT JOIN `dp_cms_page` `cms_page` ON `cms_menu`.`page`=`cms_page`.`id` WHERE  `cms_menu`.`nid` = 2  AND `cms_menu`.`status` = 1 ORDER BY `cms_menu`.`sort`,`cms_menu`.`pid`,`cms_menu`.`id` [ RunTime:0.000626s ]
[ sql ] [ SQL ] SELECT `cms_menu`.*,cms_column.name AS column_name,cms_page.title AS page_title FROM `dp_cms_menu` `cms_menu` LEFT JOIN `dp_cms_column` `cms_column` ON `cms_menu`.`column`=`cms_column`.`id` LEFT JOIN `dp_cms_page` `cms_page` ON `cms_menu`.`page`=`cms_page`.`id` WHERE  `cms_menu`.`nid` = 3  AND `cms_menu`.`status` = 1 ORDER BY `cms_menu`.`sort`,`cms_menu`.`pid`,`cms_menu`.`id` [ RunTime:0.000574s ]
[ sql ] [ SQL ] SHOW COLUMNS FROM `dp_cms_slider` [ RunTime:0.012976s ]
[ sql ] [ SQL ] SELECT * FROM `dp_cms_slider` WHERE  `status` = 1 [ RunTime:0.000425s ]
[ sql ] [ SQL ] SHOW COLUMNS FROM `dp_cms_support` [ RunTime:0.012166s ]
[ sql ] [ SQL ] SELECT * FROM `dp_cms_support` WHERE  `status` = 1 ORDER BY `sort` [ RunTime:0.000429s ]
---------------------------------------------------------------

[2020-05-22T16:13:44+08:00] 127.0.0.1 GET eshop.com/cms/index/address.html
[运行时间：0.209855s] [吞吐率：4.77req/s] [内存消耗：3,223.04kb] [文件加载：107]
[ info ] [ LANG ] G:\php_document\1shop\code\thinkphp\lang\zh-cn.php
[ info ] [ DB ] INIT mysql
[ info ] [ ROUTE ] array (
)
[ info ] [ HEADER ] array (
  'cookie' => '_trs_uv=k9zc2onq_259_hmmq; dolphin_uid=1; dolphin_signin_token=dc27e9a48ef4a574c73b2dbf5fa3e58f92ada085; Hm_lvt_4e5bdf78b2b9fcb88736fc67709f2806=1589866359,1589953112,1590041000,1590134868; Hm_lpvt_4e5bdf78b2b9fcb88736fc67709f2806=1590135199',
  'accept-language' => 'zh-CN,zh;q=0.9',
  'accept-encoding' => 'gzip, deflate',
  'referer' => 'http://eshop.com/cms/index/index.html',
  'accept' => 'text/html,application/xhtml+xml,application/xml;q=0.9,image/webp,image/apng,*/*;q=0.8',
  'user-agent' => 'Mozilla/5.0 (Windows NT 10.0; WOW64) AppleWebKit/537.36 (KHTML, like Gecko) Chrome/70.0.3538.25 Safari/537.36 Core/1.70.3741.400 QQBrowser/10.5.3863.400',
  'upgrade-insecure-requests' => '1',
  'cache-control' => 'max-age=0',
  'connection' => 'close',
  'host' => 'eshop.com',
)
[ info ] [ PARAM ] array (
)
[ info ] [ VIEW ] G:\php_document\1shop\code\application\cms\view\index\address.html [ array (
  0 => 'main_nav',
  1 => 'about_nav',
  2 => 'support_nav',
  3 => 'slider',
  4 => 'support',
) ]
[ sql ] [ DB ] CONNECT:[ UseTime:0.004675s ] mysql:host=127.0.0.1;port=3306;dbname=eshop;charset=utf8
[ sql ] [ SQL ] SHOW COLUMNS FROM `dp_admin_config` [ RunTime:0.014860s ]
[ sql ] [ SQL ] SELECT `name`,`value`,`type` FROM `dp_admin_config` [ RunTime:0.000521s ]
[ sql ] [ SQL ] SHOW COLUMNS FROM `dp_admin_module` [ RunTime:0.011163s ]
[ sql ] [ SQL ] SELECT `name`,`config` FROM `dp_admin_module` WHERE  `config` <> '' [ RunTime:0.000432s ]
[ sql ] [ SQL ] SHOW COLUMNS FROM `dp_admin_hook` [ RunTime:0.011876s ]
[ sql ] [ SQL ] SELECT `name`,`status` FROM `dp_admin_hook` WHERE  `status` = 1 [ RunTime:0.000418s ]
[ sql ] [ SQL ] SHOW COLUMNS FROM `dp_admin_plugin` [ RunTime:0.011400s ]
[ sql ] [ SQL ] SELECT `name`,`status` FROM `dp_admin_plugin` WHERE  `status` = 1 [ RunTime:0.000591s ]
[ sql ] [ SQL ] SHOW COLUMNS FROM `dp_admin_hook_plugin` [ RunTime:0.011664s ]
[ sql ] [ SQL ] SELECT * FROM `dp_admin_hook_plugin` WHERE  `status` = 1 ORDER BY `hook`,`sort` [ RunTime:0.000546s ]
[ sql ] [ SQL ] SHOW COLUMNS FROM `dp_cms_nav` [ RunTime:0.011364s ]
[ sql ] [ SQL ] SELECT `id`,`tag` FROM `dp_cms_nav` WHERE  `status` = 1 [ RunTime:0.000415s ]
[ sql ] [ SQL ] SHOW COLUMNS FROM `dp_cms_menu` [ RunTime:0.011986s ]
[ sql ] [ SQL ] SELECT `cms_menu`.*,cms_column.name AS column_name,cms_page.title AS page_title FROM `dp_cms_menu` `cms_menu` LEFT JOIN `dp_cms_column` `cms_column` ON `cms_menu`.`column`=`cms_column`.`id` LEFT JOIN `dp_cms_page` `cms_page` ON `cms_menu`.`page`=`cms_page`.`id` WHERE  `cms_menu`.`nid` = 1  AND `cms_menu`.`status` = 1 ORDER BY `cms_menu`.`sort`,`cms_menu`.`pid`,`cms_menu`.`id` [ RunTime:0.000605s ]
[ sql ] [ SQL ] SELECT `cms_menu`.*,cms_column.name AS column_name,cms_page.title AS page_title FROM `dp_cms_menu` `cms_menu` LEFT JOIN `dp_cms_column` `cms_column` ON `cms_menu`.`column`=`cms_column`.`id` LEFT JOIN `dp_cms_page` `cms_page` ON `cms_menu`.`page`=`cms_page`.`id` WHERE  `cms_menu`.`nid` = 2  AND `cms_menu`.`status` = 1 ORDER BY `cms_menu`.`sort`,`cms_menu`.`pid`,`cms_menu`.`id` [ RunTime:0.000656s ]
[ sql ] [ SQL ] SELECT `cms_menu`.*,cms_column.name AS column_name,cms_page.title AS page_title FROM `dp_cms_menu` `cms_menu` LEFT JOIN `dp_cms_column` `cms_column` ON `cms_menu`.`column`=`cms_column`.`id` LEFT JOIN `dp_cms_page` `cms_page` ON `cms_menu`.`page`=`cms_page`.`id` WHERE  `cms_menu`.`nid` = 3  AND `cms_menu`.`status` = 1 ORDER BY `cms_menu`.`sort`,`cms_menu`.`pid`,`cms_menu`.`id` [ RunTime:0.000456s ]
[ sql ] [ SQL ] SHOW COLUMNS FROM `dp_cms_slider` [ RunTime:0.012108s ]
[ sql ] [ SQL ] SELECT * FROM `dp_cms_slider` WHERE  `status` = 1 [ RunTime:0.000392s ]
[ sql ] [ SQL ] SHOW COLUMNS FROM `dp_cms_support` [ RunTime:0.013263s ]
[ sql ] [ SQL ] SELECT * FROM `dp_cms_support` WHERE  `status` = 1 ORDER BY `sort` [ RunTime:0.000497s ]
---------------------------------------------------------------

[2020-05-22T16:14:42+08:00] 127.0.0.1 GET eshop.com/cms/index/address.html
[运行时间：0.202590s] [吞吐率：4.94req/s] [内存消耗：3,223.55kb] [文件加载：107]
[ info ] [ LANG ] G:\php_document\1shop\code\thinkphp\lang\zh-cn.php
[ info ] [ DB ] INIT mysql
[ info ] [ ROUTE ] array (
)
[ info ] [ HEADER ] array (
  'cookie' => '_trs_uv=k9zc2onq_259_hmmq; dolphin_uid=1; dolphin_signin_token=dc27e9a48ef4a574c73b2dbf5fa3e58f92ada085; Hm_lvt_4e5bdf78b2b9fcb88736fc67709f2806=1589866359,1589953112,1590041000,1590134868; Hm_lpvt_4e5bdf78b2b9fcb88736fc67709f2806=1590135226',
  'accept-language' => 'zh-CN,zh;q=0.9',
  'accept-encoding' => 'gzip, deflate',
  'referer' => 'http://eshop.com/cms/index/index.html',
  'accept' => 'text/html,application/xhtml+xml,application/xml;q=0.9,image/webp,image/apng,*/*;q=0.8',
  'user-agent' => 'Mozilla/5.0 (Windows NT 10.0; WOW64) AppleWebKit/537.36 (KHTML, like Gecko) Chrome/70.0.3538.25 Safari/537.36 Core/1.70.3741.400 QQBrowser/10.5.3863.400',
  'upgrade-insecure-requests' => '1',
  'cache-control' => 'max-age=0',
  'connection' => 'close',
  'host' => 'eshop.com',
)
[ info ] [ PARAM ] array (
)
[ info ] [ VIEW ] G:\php_document\1shop\code\application\cms\view\index\address.html [ array (
  0 => 'main_nav',
  1 => 'about_nav',
  2 => 'support_nav',
  3 => 'slider',
  4 => 'support',
) ]
[ sql ] [ DB ] CONNECT:[ UseTime:0.001224s ] mysql:host=127.0.0.1;port=3306;dbname=eshop;charset=utf8
[ sql ] [ SQL ] SHOW COLUMNS FROM `dp_admin_config` [ RunTime:0.013408s ]
[ sql ] [ SQL ] SELECT `name`,`value`,`type` FROM `dp_admin_config` [ RunTime:0.000627s ]
[ sql ] [ SQL ] SHOW COLUMNS FROM `dp_admin_module` [ RunTime:0.010142s ]
[ sql ] [ SQL ] SELECT `name`,`config` FROM `dp_admin_module` WHERE  `config` <> '' [ RunTime:0.000509s ]
[ sql ] [ SQL ] SHOW COLUMNS FROM `dp_admin_hook` [ RunTime:0.010338s ]
[ sql ] [ SQL ] SELECT `name`,`status` FROM `dp_admin_hook` WHERE  `status` = 1 [ RunTime:0.000494s ]
[ sql ] [ SQL ] SHOW COLUMNS FROM `dp_admin_plugin` [ RunTime:0.012571s ]
[ sql ] [ SQL ] SELECT `name`,`status` FROM `dp_admin_plugin` WHERE  `status` = 1 [ RunTime:0.000408s ]
[ sql ] [ SQL ] SHOW COLUMNS FROM `dp_admin_hook_plugin` [ RunTime:0.012332s ]
[ sql ] [ SQL ] SELECT * FROM `dp_admin_hook_plugin` WHERE  `status` = 1 ORDER BY `hook`,`sort` [ RunTime:0.000495s ]
[ sql ] [ SQL ] SHOW COLUMNS FROM `dp_cms_nav` [ RunTime:0.011561s ]
[ sql ] [ SQL ] SELECT `id`,`tag` FROM `dp_cms_nav` WHERE  `status` = 1 [ RunTime:0.000455s ]
[ sql ] [ SQL ] SHOW COLUMNS FROM `dp_cms_menu` [ RunTime:0.011784s ]
[ sql ] [ SQL ] SELECT `cms_menu`.*,cms_column.name AS column_name,cms_page.title AS page_title FROM `dp_cms_menu` `cms_menu` LEFT JOIN `dp_cms_column` `cms_column` ON `cms_menu`.`column`=`cms_column`.`id` LEFT JOIN `dp_cms_page` `cms_page` ON `cms_menu`.`page`=`cms_page`.`id` WHERE  `cms_menu`.`nid` = 1  AND `cms_menu`.`status` = 1 ORDER BY `cms_menu`.`sort`,`cms_menu`.`pid`,`cms_menu`.`id` [ RunTime:0.000729s ]
[ sql ] [ SQL ] SELECT `cms_menu`.*,cms_column.name AS column_name,cms_page.title AS page_title FROM `dp_cms_menu` `cms_menu` LEFT JOIN `dp_cms_column` `cms_column` ON `cms_menu`.`column`=`cms_column`.`id` LEFT JOIN `dp_cms_page` `cms_page` ON `cms_menu`.`page`=`cms_page`.`id` WHERE  `cms_menu`.`nid` = 2  AND `cms_menu`.`status` = 1 ORDER BY `cms_menu`.`sort`,`cms_menu`.`pid`,`cms_menu`.`id` [ RunTime:0.000749s ]
[ sql ] [ SQL ] SELECT `cms_menu`.*,cms_column.name AS column_name,cms_page.title AS page_title FROM `dp_cms_menu` `cms_menu` LEFT JOIN `dp_cms_column` `cms_column` ON `cms_menu`.`column`=`cms_column`.`id` LEFT JOIN `dp_cms_page` `cms_page` ON `cms_menu`.`page`=`cms_page`.`id` WHERE  `cms_menu`.`nid` = 3  AND `cms_menu`.`status` = 1 ORDER BY `cms_menu`.`sort`,`cms_menu`.`pid`,`cms_menu`.`id` [ RunTime:0.000563s ]
[ sql ] [ SQL ] SHOW COLUMNS FROM `dp_cms_slider` [ RunTime:0.012647s ]
[ sql ] [ SQL ] SELECT * FROM `dp_cms_slider` WHERE  `status` = 1 [ RunTime:0.000440s ]
[ sql ] [ SQL ] SHOW COLUMNS FROM `dp_cms_support` [ RunTime:0.012176s ]
[ sql ] [ SQL ] SELECT * FROM `dp_cms_support` WHERE  `status` = 1 ORDER BY `sort` [ RunTime:0.000488s ]
---------------------------------------------------------------

[2020-05-22T16:15:15+08:00] 127.0.0.1 GET eshop.com/cms/index/address.html
[运行时间：0.208892s] [吞吐率：4.79req/s] [内存消耗：3,223.61kb] [文件加载：107]
[ info ] [ LANG ] G:\php_document\1shop\code\thinkphp\lang\zh-cn.php
[ info ] [ DB ] INIT mysql
[ info ] [ ROUTE ] array (
)
[ info ] [ HEADER ] array (
  'cookie' => '_trs_uv=k9zc2onq_259_hmmq; dolphin_uid=1; dolphin_signin_token=dc27e9a48ef4a574c73b2dbf5fa3e58f92ada085; Hm_lvt_4e5bdf78b2b9fcb88736fc67709f2806=1589866359,1589953112,1590041000,1590134868; Hm_lpvt_4e5bdf78b2b9fcb88736fc67709f2806=1590135283',
  'accept-language' => 'zh-CN,zh;q=0.9',
  'accept-encoding' => 'gzip, deflate',
  'referer' => 'http://eshop.com/cms/index/index.html',
  'accept' => 'text/html,application/xhtml+xml,application/xml;q=0.9,image/webp,image/apng,*/*;q=0.8',
  'user-agent' => 'Mozilla/5.0 (Windows NT 10.0; WOW64) AppleWebKit/537.36 (KHTML, like Gecko) Chrome/70.0.3538.25 Safari/537.36 Core/1.70.3741.400 QQBrowser/10.5.3863.400',
  'upgrade-insecure-requests' => '1',
  'cache-control' => 'no-cache',
  'pragma' => 'no-cache',
  'connection' => 'close',
  'host' => 'eshop.com',
)
[ info ] [ PARAM ] array (
)
[ info ] [ VIEW ] G:\php_document\1shop\code\application\cms\view\index\address.html [ array (
  0 => 'main_nav',
  1 => 'about_nav',
  2 => 'support_nav',
  3 => 'slider',
  4 => 'support',
) ]
[ sql ] [ DB ] CONNECT:[ UseTime:0.001796s ] mysql:host=127.0.0.1;port=3306;dbname=eshop;charset=utf8
[ sql ] [ SQL ] SHOW COLUMNS FROM `dp_admin_config` [ RunTime:0.016841s ]
[ sql ] [ SQL ] SELECT `name`,`value`,`type` FROM `dp_admin_config` [ RunTime:0.000518s ]
[ sql ] [ SQL ] SHOW COLUMNS FROM `dp_admin_module` [ RunTime:0.011752s ]
[ sql ] [ SQL ] SELECT `name`,`config` FROM `dp_admin_module` WHERE  `config` <> '' [ RunTime:0.000442s ]
[ sql ] [ SQL ] SHOW COLUMNS FROM `dp_admin_hook` [ RunTime:0.010387s ]
[ sql ] [ SQL ] SELECT `name`,`status` FROM `dp_admin_hook` WHERE  `status` = 1 [ RunTime:0.000411s ]
[ sql ] [ SQL ] SHOW COLUMNS FROM `dp_admin_plugin` [ RunTime:0.010879s ]
[ sql ] [ SQL ] SELECT `name`,`status` FROM `dp_admin_plugin` WHERE  `status` = 1 [ RunTime:0.000492s ]
[ sql ] [ SQL ] SHOW COLUMNS FROM `dp_admin_hook_plugin` [ RunTime:0.011104s ]
[ sql ] [ SQL ] SELECT * FROM `dp_admin_hook_plugin` WHERE  `status` = 1 ORDER BY `hook`,`sort` [ RunTime:0.000455s ]
[ sql ] [ SQL ] SHOW COLUMNS FROM `dp_cms_nav` [ RunTime:0.011363s ]
[ sql ] [ SQL ] SELECT `id`,`tag` FROM `dp_cms_nav` WHERE  `status` = 1 [ RunTime:0.000415s ]
[ sql ] [ SQL ] SHOW COLUMNS FROM `dp_cms_menu` [ RunTime:0.012804s ]
[ sql ] [ SQL ] SELECT `cms_menu`.*,cms_column.name AS column_name,cms_page.title AS page_title FROM `dp_cms_menu` `cms_menu` LEFT JOIN `dp_cms_column` `cms_column` ON `cms_menu`.`column`=`cms_column`.`id` LEFT JOIN `dp_cms_page` `cms_page` ON `cms_menu`.`page`=`cms_page`.`id` WHERE  `cms_menu`.`nid` = 1  AND `cms_menu`.`status` = 1 ORDER BY `cms_menu`.`sort`,`cms_menu`.`pid`,`cms_menu`.`id` [ RunTime:0.000571s ]
[ sql ] [ SQL ] SELECT `cms_menu`.*,cms_column.name AS column_name,cms_page.title AS page_title FROM `dp_cms_menu` `cms_menu` LEFT JOIN `dp_cms_column` `cms_column` ON `cms_menu`.`column`=`cms_column`.`id` LEFT JOIN `dp_cms_page` `cms_page` ON `cms_menu`.`page`=`cms_page`.`id` WHERE  `cms_menu`.`nid` = 2  AND `cms_menu`.`status` = 1 ORDER BY `cms_menu`.`sort`,`cms_menu`.`pid`,`cms_menu`.`id` [ RunTime:0.000625s ]
[ sql ] [ SQL ] SELECT `cms_menu`.*,cms_column.name AS column_name,cms_page.title AS page_title FROM `dp_cms_menu` `cms_menu` LEFT JOIN `dp_cms_column` `cms_column` ON `cms_menu`.`column`=`cms_column`.`id` LEFT JOIN `dp_cms_page` `cms_page` ON `cms_menu`.`page`=`cms_page`.`id` WHERE  `cms_menu`.`nid` = 3  AND `cms_menu`.`status` = 1 ORDER BY `cms_menu`.`sort`,`cms_menu`.`pid`,`cms_menu`.`id` [ RunTime:0.000441s ]
[ sql ] [ SQL ] SHOW COLUMNS FROM `dp_cms_slider` [ RunTime:0.011708s ]
[ sql ] [ SQL ] SELECT * FROM `dp_cms_slider` WHERE  `status` = 1 [ RunTime:0.000413s ]
[ sql ] [ SQL ] SHOW COLUMNS FROM `dp_cms_support` [ RunTime:0.012176s ]
[ sql ] [ SQL ] SELECT * FROM `dp_cms_support` WHERE  `status` = 1 ORDER BY `sort` [ RunTime:0.000427s ]
---------------------------------------------------------------

[2020-05-22T16:18:12+08:00] 127.0.0.1 GET eshop.com/cms/index/address.html
[运行时间：0.209228s] [吞吐率：4.78req/s] [内存消耗：3,223.55kb] [文件加载：107]
[ info ] [ LANG ] G:\php_document\1shop\code\thinkphp\lang\zh-cn.php
[ info ] [ DB ] INIT mysql
[ info ] [ ROUTE ] array (
)
[ info ] [ HEADER ] array (
  'cookie' => '_trs_uv=k9zc2onq_259_hmmq; dolphin_uid=1; dolphin_signin_token=dc27e9a48ef4a574c73b2dbf5fa3e58f92ada085; Hm_lvt_4e5bdf78b2b9fcb88736fc67709f2806=1589866359,1589953112,1590041000,1590134868; Hm_lpvt_4e5bdf78b2b9fcb88736fc67709f2806=1590135317',
  'accept-language' => 'zh-CN,zh;q=0.9',
  'accept-encoding' => 'gzip, deflate',
  'referer' => 'http://eshop.com/cms/index/index.html',
  'accept' => 'text/html,application/xhtml+xml,application/xml;q=0.9,image/webp,image/apng,*/*;q=0.8',
  'user-agent' => 'Mozilla/5.0 (Windows NT 10.0; WOW64) AppleWebKit/537.36 (KHTML, like Gecko) Chrome/70.0.3538.25 Safari/537.36 Core/1.70.3741.400 QQBrowser/10.5.3863.400',
  'upgrade-insecure-requests' => '1',
  'cache-control' => 'max-age=0',
  'connection' => 'close',
  'host' => 'eshop.com',
)
[ info ] [ PARAM ] array (
)
[ info ] [ VIEW ] G:\php_document\1shop\code\application\cms\view\index\address.html [ array (
  0 => 'main_nav',
  1 => 'about_nav',
  2 => 'support_nav',
  3 => 'slider',
  4 => 'support',
) ]
[ sql ] [ DB ] CONNECT:[ UseTime:0.000883s ] mysql:host=127.0.0.1;port=3306;dbname=eshop;charset=utf8
[ sql ] [ SQL ] SHOW COLUMNS FROM `dp_admin_config` [ RunTime:0.015398s ]
[ sql ] [ SQL ] SELECT `name`,`value`,`type` FROM `dp_admin_config` [ RunTime:0.000501s ]
[ sql ] [ SQL ] SHOW COLUMNS FROM `dp_admin_module` [ RunTime:0.012842s ]
[ sql ] [ SQL ] SELECT `name`,`config` FROM `dp_admin_module` WHERE  `config` <> '' [ RunTime:0.000478s ]
[ sql ] [ SQL ] SHOW COLUMNS FROM `dp_admin_hook` [ RunTime:0.010939s ]
[ sql ] [ SQL ] SELECT `name`,`status` FROM `dp_admin_hook` WHERE  `status` = 1 [ RunTime:0.000460s ]
[ sql ] [ SQL ] SHOW COLUMNS FROM `dp_admin_plugin` [ RunTime:0.013299s ]
[ sql ] [ SQL ] SELECT `name`,`status` FROM `dp_admin_plugin` WHERE  `status` = 1 [ RunTime:0.000483s ]
[ sql ] [ SQL ] SHOW COLUMNS FROM `dp_admin_hook_plugin` [ RunTime:0.010836s ]
[ sql ] [ SQL ] SELECT * FROM `dp_admin_hook_plugin` WHERE  `status` = 1 ORDER BY `hook`,`sort` [ RunTime:0.000607s ]
[ sql ] [ SQL ] SHOW COLUMNS FROM `dp_cms_nav` [ RunTime:0.009607s ]
[ sql ] [ SQL ] SELECT `id`,`tag` FROM `dp_cms_nav` WHERE  `status` = 1 [ RunTime:0.000344s ]
[ sql ] [ SQL ] SHOW COLUMNS FROM `dp_cms_menu` [ RunTime:0.010661s ]
[ sql ] [ SQL ] SELECT `cms_menu`.*,cms_column.name AS column_name,cms_page.title AS page_title FROM `dp_cms_menu` `cms_menu` LEFT JOIN `dp_cms_column` `cms_column` ON `cms_menu`.`column`=`cms_column`.`id` LEFT JOIN `dp_cms_page` `cms_page` ON `cms_menu`.`page`=`cms_page`.`id` WHERE  `cms_menu`.`nid` = 1  AND `cms_menu`.`status` = 1 ORDER BY `cms_menu`.`sort`,`cms_menu`.`pid`,`cms_menu`.`id` [ RunTime:0.000475s ]
[ sql ] [ SQL ] SELECT `cms_menu`.*,cms_column.name AS column_name,cms_page.title AS page_title FROM `dp_cms_menu` `cms_menu` LEFT JOIN `dp_cms_column` `cms_column` ON `cms_menu`.`column`=`cms_column`.`id` LEFT JOIN `dp_cms_page` `cms_page` ON `cms_menu`.`page`=`cms_page`.`id` WHERE  `cms_menu`.`nid` = 2  AND `cms_menu`.`status` = 1 ORDER BY `cms_menu`.`sort`,`cms_menu`.`pid`,`cms_menu`.`id` [ RunTime:0.000761s ]
[ sql ] [ SQL ] SELECT `cms_menu`.*,cms_column.name AS column_name,cms_page.title AS page_title FROM `dp_cms_menu` `cms_menu` LEFT JOIN `dp_cms_column` `cms_column` ON `cms_menu`.`column`=`cms_column`.`id` LEFT JOIN `dp_cms_page` `cms_page` ON `cms_menu`.`page`=`cms_page`.`id` WHERE  `cms_menu`.`nid` = 3  AND `cms_menu`.`status` = 1 ORDER BY `cms_menu`.`sort`,`cms_menu`.`pid`,`cms_menu`.`id` [ RunTime:0.000539s ]
[ sql ] [ SQL ] SHOW COLUMNS FROM `dp_cms_slider` [ RunTime:0.010894s ]
[ sql ] [ SQL ] SELECT * FROM `dp_cms_slider` WHERE  `status` = 1 [ RunTime:0.000320s ]
[ sql ] [ SQL ] SHOW COLUMNS FROM `dp_cms_support` [ RunTime:0.010696s ]
[ sql ] [ SQL ] SELECT * FROM `dp_cms_support` WHERE  `status` = 1 ORDER BY `sort` [ RunTime:0.000409s ]
---------------------------------------------------------------

[2020-05-22T16:18:26+08:00] 127.0.0.1 GET eshop.com/cms/Index/index.html
[运行时间：0.224809s] [吞吐率：4.45req/s] [内存消耗：3,217.63kb] [文件加载：107]
[ info ] [ LANG ] G:\php_document\1shop\code\thinkphp\lang\zh-cn.php
[ info ] [ DB ] INIT mysql
[ info ] [ ROUTE ] array (
)
[ info ] [ HEADER ] array (
  'cookie' => '_trs_uv=k9zc2onq_259_hmmq; dolphin_uid=1; dolphin_signin_token=dc27e9a48ef4a574c73b2dbf5fa3e58f92ada085; Hm_lvt_4e5bdf78b2b9fcb88736fc67709f2806=1589866359,1589953112,1590041000,1590134868; Hm_lpvt_4e5bdf78b2b9fcb88736fc67709f2806=1590135494',
  'accept-language' => 'zh-CN,zh;q=0.9',
  'accept-encoding' => 'gzip, deflate',
  'referer' => 'http://eshop.com/cms/index/address.html',
  'accept' => 'text/html,application/xhtml+xml,application/xml;q=0.9,image/webp,image/apng,*/*;q=0.8',
  'user-agent' => 'Mozilla/5.0 (Windows NT 10.0; WOW64) AppleWebKit/537.36 (KHTML, like Gecko) Chrome/70.0.3538.25 Safari/537.36 Core/1.70.3741.400 QQBrowser/10.5.3863.400',
  'upgrade-insecure-requests' => '1',
  'connection' => 'close',
  'host' => 'eshop.com',
)
[ info ] [ PARAM ] array (
)
[ info ] [ VIEW ] G:\php_document\1shop\code\application\cms\view\index\index.html [ array (
  0 => 'main_nav',
  1 => 'about_nav',
  2 => 'support_nav',
  3 => 'slider',
  4 => 'support',
) ]
[ sql ] [ DB ] CONNECT:[ UseTime:0.000917s ] mysql:host=127.0.0.1;port=3306;dbname=eshop;charset=utf8
[ sql ] [ SQL ] SHOW COLUMNS FROM `dp_admin_config` [ RunTime:0.011715s ]
[ sql ] [ SQL ] SELECT `name`,`value`,`type` FROM `dp_admin_config` [ RunTime:0.000465s ]
[ sql ] [ SQL ] SHOW COLUMNS FROM `dp_admin_module` [ RunTime:0.011021s ]
[ sql ] [ SQL ] SELECT `name`,`config` FROM `dp_admin_module` WHERE  `config` <> '' [ RunTime:0.000554s ]
[ sql ] [ SQL ] SHOW COLUMNS FROM `dp_admin_hook` [ RunTime:0.012636s ]
[ sql ] [ SQL ] SELECT `name`,`status` FROM `dp_admin_hook` WHERE  `status` = 1 [ RunTime:0.000502s ]
[ sql ] [ SQL ] SHOW COLUMNS FROM `dp_admin_plugin` [ RunTime:0.016367s ]
[ sql ] [ SQL ] SELECT `name`,`status` FROM `dp_admin_plugin` WHERE  `status` = 1 [ RunTime:0.000424s ]
[ sql ] [ SQL ] SHOW COLUMNS FROM `dp_admin_hook_plugin` [ RunTime:0.010792s ]
[ sql ] [ SQL ] SELECT * FROM `dp_admin_hook_plugin` WHERE  `status` = 1 ORDER BY `hook`,`sort` [ RunTime:0.000474s ]
[ sql ] [ SQL ] SHOW COLUMNS FROM `dp_cms_nav` [ RunTime:0.013977s ]
[ sql ] [ SQL ] SELECT `id`,`tag` FROM `dp_cms_nav` WHERE  `status` = 1 [ RunTime:0.000407s ]
[ sql ] [ SQL ] SHOW COLUMNS FROM `dp_cms_menu` [ RunTime:0.016928s ]
[ sql ] [ SQL ] SELECT `cms_menu`.*,cms_column.name AS column_name,cms_page.title AS page_title FROM `dp_cms_menu` `cms_menu` LEFT JOIN `dp_cms_column` `cms_column` ON `cms_menu`.`column`=`cms_column`.`id` LEFT JOIN `dp_cms_page` `cms_page` ON `cms_menu`.`page`=`cms_page`.`id` WHERE  `cms_menu`.`nid` = 1  AND `cms_menu`.`status` = 1 ORDER BY `cms_menu`.`sort`,`cms_menu`.`pid`,`cms_menu`.`id` [ RunTime:0.000854s ]
[ sql ] [ SQL ] SELECT `cms_menu`.*,cms_column.name AS column_name,cms_page.title AS page_title FROM `dp_cms_menu` `cms_menu` LEFT JOIN `dp_cms_column` `cms_column` ON `cms_menu`.`column`=`cms_column`.`id` LEFT JOIN `dp_cms_page` `cms_page` ON `cms_menu`.`page`=`cms_page`.`id` WHERE  `cms_menu`.`nid` = 2  AND `cms_menu`.`status` = 1 ORDER BY `cms_menu`.`sort`,`cms_menu`.`pid`,`cms_menu`.`id` [ RunTime:0.001189s ]
[ sql ] [ SQL ] SELECT `cms_menu`.*,cms_column.name AS column_name,cms_page.title AS page_title FROM `dp_cms_menu` `cms_menu` LEFT JOIN `dp_cms_column` `cms_column` ON `cms_menu`.`column`=`cms_column`.`id` LEFT JOIN `dp_cms_page` `cms_page` ON `cms_menu`.`page`=`cms_page`.`id` WHERE  `cms_menu`.`nid` = 3  AND `cms_menu`.`status` = 1 ORDER BY `cms_menu`.`sort`,`cms_menu`.`pid`,`cms_menu`.`id` [ RunTime:0.000769s ]
[ sql ] [ SQL ] SHOW COLUMNS FROM `dp_cms_slider` [ RunTime:0.014994s ]
[ sql ] [ SQL ] SELECT * FROM `dp_cms_slider` WHERE  `status` = 1 [ RunTime:0.000736s ]
[ sql ] [ SQL ] SHOW COLUMNS FROM `dp_cms_support` [ RunTime:0.014880s ]
[ sql ] [ SQL ] SELECT * FROM `dp_cms_support` WHERE  `status` = 1 ORDER BY `sort` [ RunTime:0.000603s ]
---------------------------------------------------------------

[2020-05-22T16:18:48+08:00] 127.0.0.1 GET eshop.com/cms/Index/index.html
[运行时间：0.191187s] [吞吐率：5.23req/s] [内存消耗：3,217.68kb] [文件加载：107]
[ info ] [ LANG ] G:\php_document\1shop\code\thinkphp\lang\zh-cn.php
[ info ] [ DB ] INIT mysql
[ info ] [ ROUTE ] array (
)
[ info ] [ HEADER ] array (
  'cookie' => '_trs_uv=k9zc2onq_259_hmmq; dolphin_uid=1; dolphin_signin_token=dc27e9a48ef4a574c73b2dbf5fa3e58f92ada085; Hm_lvt_4e5bdf78b2b9fcb88736fc67709f2806=1589866359,1589953112,1590041000,1590134868; Hm_lpvt_4e5bdf78b2b9fcb88736fc67709f2806=1590135507',
  'accept-language' => 'zh-CN,zh;q=0.9',
  'accept-encoding' => 'gzip, deflate',
  'referer' => 'http://eshop.com/cms/index/address.html',
  'accept' => 'text/html,application/xhtml+xml,application/xml;q=0.9,image/webp,image/apng,*/*;q=0.8',
  'user-agent' => 'Mozilla/5.0 (Windows NT 10.0; WOW64) AppleWebKit/537.36 (KHTML, like Gecko) Chrome/70.0.3538.25 Safari/537.36 Core/1.70.3741.400 QQBrowser/10.5.3863.400',
  'upgrade-insecure-requests' => '1',
  'cache-control' => 'max-age=0',
  'connection' => 'close',
  'host' => 'eshop.com',
)
[ info ] [ PARAM ] array (
)
[ info ] [ VIEW ] G:\php_document\1shop\code\application\cms\view\index\index.html [ array (
  0 => 'main_nav',
  1 => 'about_nav',
  2 => 'support_nav',
  3 => 'slider',
  4 => 'support',
) ]
[ sql ] [ DB ] CONNECT:[ UseTime:0.000989s ] mysql:host=127.0.0.1;port=3306;dbname=eshop;charset=utf8
[ sql ] [ SQL ] SHOW COLUMNS FROM `dp_admin_config` [ RunTime:0.013369s ]
[ sql ] [ SQL ] SELECT `name`,`value`,`type` FROM `dp_admin_config` [ RunTime:0.002509s ]
[ sql ] [ SQL ] SHOW COLUMNS FROM `dp_admin_module` [ RunTime:0.012236s ]
[ sql ] [ SQL ] SELECT `name`,`config` FROM `dp_admin_module` WHERE  `config` <> '' [ RunTime:0.000410s ]
[ sql ] [ SQL ] SHOW COLUMNS FROM `dp_admin_hook` [ RunTime:0.011504s ]
[ sql ] [ SQL ] SELECT `name`,`status` FROM `dp_admin_hook` WHERE  `status` = 1 [ RunTime:0.000530s ]
[ sql ] [ SQL ] SHOW COLUMNS FROM `dp_admin_plugin` [ RunTime:0.009480s ]
[ sql ] [ SQL ] SELECT `name`,`status` FROM `dp_admin_plugin` WHERE  `status` = 1 [ RunTime:0.000435s ]
[ sql ] [ SQL ] SHOW COLUMNS FROM `dp_admin_hook_plugin` [ RunTime:0.011645s ]
[ sql ] [ SQL ] SELECT * FROM `dp_admin_hook_plugin` WHERE  `status` = 1 ORDER BY `hook`,`sort` [ RunTime:0.000459s ]
[ sql ] [ SQL ] SHOW COLUMNS FROM `dp_cms_nav` [ RunTime:0.011874s ]
[ sql ] [ SQL ] SELECT `id`,`tag` FROM `dp_cms_nav` WHERE  `status` = 1 [ RunTime:0.000439s ]
[ sql ] [ SQL ] SHOW COLUMNS FROM `dp_cms_menu` [ RunTime:0.011017s ]
[ sql ] [ SQL ] SELECT `cms_menu`.*,cms_column.name AS column_name,cms_page.title AS page_title FROM `dp_cms_menu` `cms_menu` LEFT JOIN `dp_cms_column` `cms_column` ON `cms_menu`.`column`=`cms_column`.`id` LEFT JOIN `dp_cms_page` `cms_page` ON `cms_menu`.`page`=`cms_page`.`id` WHERE  `cms_menu`.`nid` = 1  AND `cms_menu`.`status` = 1 ORDER BY `cms_menu`.`sort`,`cms_menu`.`pid`,`cms_menu`.`id` [ RunTime:0.000567s ]
[ sql ] [ SQL ] SELECT `cms_menu`.*,cms_column.name AS column_name,cms_page.title AS page_title FROM `dp_cms_menu` `cms_menu` LEFT JOIN `dp_cms_column` `cms_column` ON `cms_menu`.`column`=`cms_column`.`id` LEFT JOIN `dp_cms_page` `cms_page` ON `cms_menu`.`page`=`cms_page`.`id` WHERE  `cms_menu`.`nid` = 2  AND `cms_menu`.`status` = 1 ORDER BY `cms_menu`.`sort`,`cms_menu`.`pid`,`cms_menu`.`id` [ RunTime:0.000632s ]
[ sql ] [ SQL ] SELECT `cms_menu`.*,cms_column.name AS column_name,cms_page.title AS page_title FROM `dp_cms_menu` `cms_menu` LEFT JOIN `dp_cms_column` `cms_column` ON `cms_menu`.`column`=`cms_column`.`id` LEFT JOIN `dp_cms_page` `cms_page` ON `cms_menu`.`page`=`cms_page`.`id` WHERE  `cms_menu`.`nid` = 3  AND `cms_menu`.`status` = 1 ORDER BY `cms_menu`.`sort`,`cms_menu`.`pid`,`cms_menu`.`id` [ RunTime:0.000442s ]
[ sql ] [ SQL ] SHOW COLUMNS FROM `dp_cms_slider` [ RunTime:0.011491s ]
[ sql ] [ SQL ] SELECT * FROM `dp_cms_slider` WHERE  `status` = 1 [ RunTime:0.000385s ]
[ sql ] [ SQL ] SHOW COLUMNS FROM `dp_cms_support` [ RunTime:0.009679s ]
[ sql ] [ SQL ] SELECT * FROM `dp_cms_support` WHERE  `status` = 1 ORDER BY `sort` [ RunTime:0.000520s ]
---------------------------------------------------------------

[2020-05-22T16:18:50+08:00] 127.0.0.1 GET eshop.com/cms/Index/index.html
[运行时间：0.217793s] [吞吐率：4.59req/s] [内存消耗：3,097.72kb] [文件加载：105]
[ info ] [ LANG ] G:\php_document\1shop\code\thinkphp\lang\zh-cn.php
[ info ] [ DB ] INIT mysql
[ info ] [ ROUTE ] array (
)
[ info ] [ HEADER ] array (
  'cookie' => '_trs_uv=k9zc2onq_259_hmmq; dolphin_uid=1; dolphin_signin_token=dc27e9a48ef4a574c73b2dbf5fa3e58f92ada085; Hm_lvt_4e5bdf78b2b9fcb88736fc67709f2806=1589866359,1589953112,1590041000,1590134868; Hm_lpvt_4e5bdf78b2b9fcb88736fc67709f2806=1590135528',
  'accept-language' => 'zh-CN,zh;q=0.9',
  'accept-encoding' => 'gzip, deflate',
  'referer' => 'http://eshop.com/cms/index/address.html',
  'accept' => 'text/html,application/xhtml+xml,application/xml;q=0.9,image/webp,image/apng,*/*;q=0.8',
  'user-agent' => 'Mozilla/5.0 (Windows NT 10.0; WOW64) AppleWebKit/537.36 (KHTML, like Gecko) Chrome/70.0.3538.25 Safari/537.36 Core/1.70.3741.400 QQBrowser/10.5.3863.400',
  'upgrade-insecure-requests' => '1',
  'cache-control' => 'max-age=0',
  'connection' => 'close',
  'host' => 'eshop.com',
)
[ info ] [ PARAM ] array (
)
[ info ] [ VIEW ] G:\php_document\1shop\code\application\cms\view\index\index.html [ array (
  0 => 'main_nav',
  1 => 'about_nav',
  2 => 'support_nav',
  3 => 'slider',
  4 => 'support',
) ]
[ sql ] [ DB ] CONNECT:[ UseTime:0.000879s ] mysql:host=127.0.0.1;port=3306;dbname=eshop;charset=utf8
[ sql ] [ SQL ] SHOW COLUMNS FROM `dp_admin_config` [ RunTime:0.012856s ]
[ sql ] [ SQL ] SELECT `name`,`value`,`type` FROM `dp_admin_config` [ RunTime:0.000461s ]
[ sql ] [ SQL ] SHOW COLUMNS FROM `dp_admin_module` [ RunTime:0.012051s ]
[ sql ] [ SQL ] SELECT `name`,`config` FROM `dp_admin_module` WHERE  `config` <> '' [ RunTime:0.000416s ]
[ sql ] [ SQL ] SHOW COLUMNS FROM `dp_admin_hook` [ RunTime:0.009760s ]
[ sql ] [ SQL ] SELECT `name`,`status` FROM `dp_admin_hook` WHERE  `status` = 1 [ RunTime:0.000435s ]
[ sql ] [ SQL ] SHOW COLUMNS FROM `dp_admin_plugin` [ RunTime:0.010793s ]
[ sql ] [ SQL ] SELECT `name`,`status` FROM `dp_admin_plugin` WHERE  `status` = 1 [ RunTime:0.000497s ]
[ sql ] [ SQL ] SHOW COLUMNS FROM `dp_admin_hook_plugin` [ RunTime:0.013654s ]
[ sql ] [ SQL ] SELECT * FROM `dp_admin_hook_plugin` WHERE  `status` = 1 ORDER BY `hook`,`sort` [ RunTime:0.000645s ]
[ sql ] [ SQL ] SHOW COLUMNS FROM `dp_cms_nav` [ RunTime:0.017649s ]
[ sql ] [ SQL ] SELECT `id`,`tag` FROM `dp_cms_nav` WHERE  `status` = 1 [ RunTime:0.000617s ]
[ sql ] [ SQL ] SHOW COLUMNS FROM `dp_cms_menu` [ RunTime:0.013995s ]
[ sql ] [ SQL ] SELECT `cms_menu`.*,cms_column.name AS column_name,cms_page.title AS page_title FROM `dp_cms_menu` `cms_menu` LEFT JOIN `dp_cms_column` `cms_column` ON `cms_menu`.`column`=`cms_column`.`id` LEFT JOIN `dp_cms_page` `cms_page` ON `cms_menu`.`page`=`cms_page`.`id` WHERE  `cms_menu`.`nid` = 1  AND `cms_menu`.`status` = 1 ORDER BY `cms_menu`.`sort`,`cms_menu`.`pid`,`cms_menu`.`id` [ RunTime:0.000722s ]
[ sql ] [ SQL ] SELECT `cms_menu`.*,cms_column.name AS column_name,cms_page.title AS page_title FROM `dp_cms_menu` `cms_menu` LEFT JOIN `dp_cms_column` `cms_column` ON `cms_menu`.`column`=`cms_column`.`id` LEFT JOIN `dp_cms_page` `cms_page` ON `cms_menu`.`page`=`cms_page`.`id` WHERE  `cms_menu`.`nid` = 2  AND `cms_menu`.`status` = 1 ORDER BY `cms_menu`.`sort`,`cms_menu`.`pid`,`cms_menu`.`id` [ RunTime:0.000744s ]
[ sql ] [ SQL ] SELECT `cms_menu`.*,cms_column.name AS column_name,cms_page.title AS page_title FROM `dp_cms_menu` `cms_menu` LEFT JOIN `dp_cms_column` `cms_column` ON `cms_menu`.`column`=`cms_column`.`id` LEFT JOIN `dp_cms_page` `cms_page` ON `cms_menu`.`page`=`cms_page`.`id` WHERE  `cms_menu`.`nid` = 3  AND `cms_menu`.`status` = 1 ORDER BY `cms_menu`.`sort`,`cms_menu`.`pid`,`cms_menu`.`id` [ RunTime:0.000752s ]
[ sql ] [ SQL ] SHOW COLUMNS FROM `dp_cms_slider` [ RunTime:0.016373s ]
[ sql ] [ SQL ] SELECT * FROM `dp_cms_slider` WHERE  `status` = 1 [ RunTime:0.006571s ]
[ sql ] [ SQL ] SHOW COLUMNS FROM `dp_cms_support` [ RunTime:0.014848s ]
[ sql ] [ SQL ] SELECT * FROM `dp_cms_support` WHERE  `status` = 1 ORDER BY `sort` [ RunTime:0.000543s ]
---------------------------------------------------------------

[2020-05-22T16:18:54+08:00] 127.0.0.1 GET eshop.com/cms/Index/index.html
[运行时间：0.184216s] [吞吐率：5.43req/s] [内存消耗：3,097.77kb] [文件加载：105]
[ info ] [ LANG ] G:\php_document\1shop\code\thinkphp\lang\zh-cn.php
[ info ] [ DB ] INIT mysql
[ info ] [ ROUTE ] array (
)
[ info ] [ HEADER ] array (
  'cookie' => '_trs_uv=k9zc2onq_259_hmmq; dolphin_uid=1; dolphin_signin_token=dc27e9a48ef4a574c73b2dbf5fa3e58f92ada085; Hm_lvt_4e5bdf78b2b9fcb88736fc67709f2806=1589866359,1589953112,1590041000,1590134868; Hm_lpvt_4e5bdf78b2b9fcb88736fc67709f2806=1590135530',
  'accept-language' => 'zh-CN,zh;q=0.9',
  'accept-encoding' => 'gzip, deflate',
  'referer' => 'http://eshop.com/cms/index/address.html',
  'accept' => 'text/html,application/xhtml+xml,application/xml;q=0.9,image/webp,image/apng,*/*;q=0.8',
  'user-agent' => 'Mozilla/5.0 (Windows NT 10.0; WOW64) AppleWebKit/537.36 (KHTML, like Gecko) Chrome/70.0.3538.25 Safari/537.36 Core/1.70.3741.400 QQBrowser/10.5.3863.400',
  'upgrade-insecure-requests' => '1',
  'cache-control' => 'no-cache',
  'pragma' => 'no-cache',
  'connection' => 'close',
  'host' => 'eshop.com',
)
[ info ] [ PARAM ] array (
)
[ info ] [ VIEW ] G:\php_document\1shop\code\application\cms\view\index\index.html [ array (
  0 => 'main_nav',
  1 => 'about_nav',
  2 => 'support_nav',
  3 => 'slider',
  4 => 'support',
) ]
[ sql ] [ DB ] CONNECT:[ UseTime:0.000966s ] mysql:host=127.0.0.1;port=3306;dbname=eshop;charset=utf8
[ sql ] [ SQL ] SHOW COLUMNS FROM `dp_admin_config` [ RunTime:0.013932s ]
[ sql ] [ SQL ] SELECT `name`,`value`,`type` FROM `dp_admin_config` [ RunTime:0.000502s ]
[ sql ] [ SQL ] SHOW COLUMNS FROM `dp_admin_module` [ RunTime:0.011397s ]
[ sql ] [ SQL ] SELECT `name`,`config` FROM `dp_admin_module` WHERE  `config` <> '' [ RunTime:0.000420s ]
[ sql ] [ SQL ] SHOW COLUMNS FROM `dp_admin_hook` [ RunTime:0.011171s ]
[ sql ] [ SQL ] SELECT `name`,`status` FROM `dp_admin_hook` WHERE  `status` = 1 [ RunTime:0.000407s ]
[ sql ] [ SQL ] SHOW COLUMNS FROM `dp_admin_plugin` [ RunTime:0.011498s ]
[ sql ] [ SQL ] SELECT `name`,`status` FROM `dp_admin_plugin` WHERE  `status` = 1 [ RunTime:0.000427s ]
[ sql ] [ SQL ] SHOW COLUMNS FROM `dp_admin_hook_plugin` [ RunTime:0.011619s ]
[ sql ] [ SQL ] SELECT * FROM `dp_admin_hook_plugin` WHERE  `status` = 1 ORDER BY `hook`,`sort` [ RunTime:0.000522s ]
[ sql ] [ SQL ] SHOW COLUMNS FROM `dp_cms_nav` [ RunTime:0.009887s ]
[ sql ] [ SQL ] SELECT `id`,`tag` FROM `dp_cms_nav` WHERE  `status` = 1 [ RunTime:0.000886s ]
[ sql ] [ SQL ] SHOW COLUMNS FROM `dp_cms_menu` [ RunTime:0.011999s ]
[ sql ] [ SQL ] SELECT `cms_menu`.*,cms_column.name AS column_name,cms_page.title AS page_title FROM `dp_cms_menu` `cms_menu` LEFT JOIN `dp_cms_column` `cms_column` ON `cms_menu`.`column`=`cms_column`.`id` LEFT JOIN `dp_cms_page` `cms_page` ON `cms_menu`.`page`=`cms_page`.`id` WHERE  `cms_menu`.`nid` = 1  AND `cms_menu`.`status` = 1 ORDER BY `cms_menu`.`sort`,`cms_menu`.`pid`,`cms_menu`.`id` [ RunTime:0.000535s ]
[ sql ] [ SQL ] SELECT `cms_menu`.*,cms_column.name AS column_name,cms_page.title AS page_title FROM `dp_cms_menu` `cms_menu` LEFT JOIN `dp_cms_column` `cms_column` ON `cms_menu`.`column`=`cms_column`.`id` LEFT JOIN `dp_cms_page` `cms_page` ON `cms_menu`.`page`=`cms_page`.`id` WHERE  `cms_menu`.`nid` = 2  AND `cms_menu`.`status` = 1 ORDER BY `cms_menu`.`sort`,`cms_menu`.`pid`,`cms_menu`.`id` [ RunTime:0.000525s ]
[ sql ] [ SQL ] SELECT `cms_menu`.*,cms_column.name AS column_name,cms_page.title AS page_title FROM `dp_cms_menu` `cms_menu` LEFT JOIN `dp_cms_column` `cms_column` ON `cms_menu`.`column`=`cms_column`.`id` LEFT JOIN `dp_cms_page` `cms_page` ON `cms_menu`.`page`=`cms_page`.`id` WHERE  `cms_menu`.`nid` = 3  AND `cms_menu`.`status` = 1 ORDER BY `cms_menu`.`sort`,`cms_menu`.`pid`,`cms_menu`.`id` [ RunTime:0.000421s ]
[ sql ] [ SQL ] SHOW COLUMNS FROM `dp_cms_slider` [ RunTime:0.011973s ]
[ sql ] [ SQL ] SELECT * FROM `dp_cms_slider` WHERE  `status` = 1 [ RunTime:0.000406s ]
[ sql ] [ SQL ] SHOW COLUMNS FROM `dp_cms_support` [ RunTime:0.010290s ]
[ sql ] [ SQL ] SELECT * FROM `dp_cms_support` WHERE  `status` = 1 ORDER BY `sort` [ RunTime:0.000706s ]
---------------------------------------------------------------

[2020-05-22T16:18:56+08:00] 127.0.0.1 GET eshop.com/cms/Index/index.html
[运行时间：0.236186s] [吞吐率：4.23req/s] [内存消耗：3,097.66kb] [文件加载：105]
[ info ] [ LANG ] G:\php_document\1shop\code\thinkphp\lang\zh-cn.php
[ info ] [ DB ] INIT mysql
[ info ] [ ROUTE ] array (
)
[ info ] [ HEADER ] array (
  'cookie' => '_trs_uv=k9zc2onq_259_hmmq; dolphin_uid=1; dolphin_signin_token=dc27e9a48ef4a574c73b2dbf5fa3e58f92ada085; Hm_lvt_4e5bdf78b2b9fcb88736fc67709f2806=1589866359,1589953112,1590041000,1590134868; Hm_lpvt_4e5bdf78b2b9fcb88736fc67709f2806=1590135535',
  'accept-language' => 'zh-CN,zh;q=0.9',
  'accept-encoding' => 'gzip, deflate',
  'referer' => 'http://eshop.com/cms/Index/index.html',
  'accept' => 'text/html,application/xhtml+xml,application/xml;q=0.9,image/webp,image/apng,*/*;q=0.8',
  'user-agent' => 'Mozilla/5.0 (Windows NT 10.0; WOW64) AppleWebKit/537.36 (KHTML, like Gecko) Chrome/70.0.3538.25 Safari/537.36 Core/1.70.3741.400 QQBrowser/10.5.3863.400',
  'upgrade-insecure-requests' => '1',
  'connection' => 'close',
  'host' => 'eshop.com',
)
[ info ] [ PARAM ] array (
)
[ info ] [ VIEW ] G:\php_document\1shop\code\application\cms\view\index\index.html [ array (
  0 => 'main_nav',
  1 => 'about_nav',
  2 => 'support_nav',
  3 => 'slider',
  4 => 'support',
) ]
[ sql ] [ DB ] CONNECT:[ UseTime:0.000792s ] mysql:host=127.0.0.1;port=3306;dbname=eshop;charset=utf8
[ sql ] [ SQL ] SHOW COLUMNS FROM `dp_admin_config` [ RunTime:0.013524s ]
[ sql ] [ SQL ] SELECT `name`,`value`,`type` FROM `dp_admin_config` [ RunTime:0.000625s ]
[ sql ] [ SQL ] SHOW COLUMNS FROM `dp_admin_module` [ RunTime:0.012435s ]
[ sql ] [ SQL ] SELECT `name`,`config` FROM `dp_admin_module` WHERE  `config` <> '' [ RunTime:0.000489s ]
[ sql ] [ SQL ] SHOW COLUMNS FROM `dp_admin_hook` [ RunTime:0.015593s ]
[ sql ] [ SQL ] SELECT `name`,`status` FROM `dp_admin_hook` WHERE  `status` = 1 [ RunTime:0.000354s ]
[ sql ] [ SQL ] SHOW COLUMNS FROM `dp_admin_plugin` [ RunTime:0.012151s ]
[ sql ] [ SQL ] SELECT `name`,`status` FROM `dp_admin_plugin` WHERE  `status` = 1 [ RunTime:0.000456s ]
[ sql ] [ SQL ] SHOW COLUMNS FROM `dp_admin_hook_plugin` [ RunTime:0.013747s ]
[ sql ] [ SQL ] SELECT * FROM `dp_admin_hook_plugin` WHERE  `status` = 1 ORDER BY `hook`,`sort` [ RunTime:0.000921s ]
[ sql ] [ SQL ] SHOW COLUMNS FROM `dp_cms_nav` [ RunTime:0.021972s ]
[ sql ] [ SQL ] SELECT `id`,`tag` FROM `dp_cms_nav` WHERE  `status` = 1 [ RunTime:0.000672s ]
[ sql ] [ SQL ] SHOW COLUMNS FROM `dp_cms_menu` [ RunTime:0.018377s ]
[ sql ] [ SQL ] SELECT `cms_menu`.*,cms_column.name AS column_name,cms_page.title AS page_title FROM `dp_cms_menu` `cms_menu` LEFT JOIN `dp_cms_column` `cms_column` ON `cms_menu`.`column`=`cms_column`.`id` LEFT JOIN `dp_cms_page` `cms_page` ON `cms_menu`.`page`=`cms_page`.`id` WHERE  `cms_menu`.`nid` = 1  AND `cms_menu`.`status` = 1 ORDER BY `cms_menu`.`sort`,`cms_menu`.`pid`,`cms_menu`.`id` [ RunTime:0.000845s ]
[ sql ] [ SQL ] SELECT `cms_menu`.*,cms_column.name AS column_name,cms_page.title AS page_title FROM `dp_cms_menu` `cms_menu` LEFT JOIN `dp_cms_column` `cms_column` ON `cms_menu`.`column`=`cms_column`.`id` LEFT JOIN `dp_cms_page` `cms_page` ON `cms_menu`.`page`=`cms_page`.`id` WHERE  `cms_menu`.`nid` = 2  AND `cms_menu`.`status` = 1 ORDER BY `cms_menu`.`sort`,`cms_menu`.`pid`,`cms_menu`.`id` [ RunTime:0.000787s ]
[ sql ] [ SQL ] SELECT `cms_menu`.*,cms_column.name AS column_name,cms_page.title AS page_title FROM `dp_cms_menu` `cms_menu` LEFT JOIN `dp_cms_column` `cms_column` ON `cms_menu`.`column`=`cms_column`.`id` LEFT JOIN `dp_cms_page` `cms_page` ON `cms_menu`.`page`=`cms_page`.`id` WHERE  `cms_menu`.`nid` = 3  AND `cms_menu`.`status` = 1 ORDER BY `cms_menu`.`sort`,`cms_menu`.`pid`,`cms_menu`.`id` [ RunTime:0.000655s ]
[ sql ] [ SQL ] SHOW COLUMNS FROM `dp_cms_slider` [ RunTime:0.017969s ]
[ sql ] [ SQL ] SELECT * FROM `dp_cms_slider` WHERE  `status` = 1 [ RunTime:0.000616s ]
[ sql ] [ SQL ] SHOW COLUMNS FROM `dp_cms_support` [ RunTime:0.017124s ]
[ sql ] [ SQL ] SELECT * FROM `dp_cms_support` WHERE  `status` = 1 ORDER BY `sort` [ RunTime:0.001761s ]
---------------------------------------------------------------

[2020-05-22T16:18:59+08:00] 127.0.0.1 GET eshop.com/cms/Index/index.html
[运行时间：0.228379s] [吞吐率：4.38req/s] [内存消耗：3,097.72kb] [文件加载：105]
[ info ] [ LANG ] G:\php_document\1shop\code\thinkphp\lang\zh-cn.php
[ info ] [ DB ] INIT mysql
[ info ] [ ROUTE ] array (
)
[ info ] [ HEADER ] array (
  'cookie' => '_trs_uv=k9zc2onq_259_hmmq; dolphin_uid=1; dolphin_signin_token=dc27e9a48ef4a574c73b2dbf5fa3e58f92ada085; Hm_lvt_4e5bdf78b2b9fcb88736fc67709f2806=1589866359,1589953112,1590041000,1590134868; Hm_lpvt_4e5bdf78b2b9fcb88736fc67709f2806=1590135537',
  'accept-language' => 'zh-CN,zh;q=0.9',
  'accept-encoding' => 'gzip, deflate',
  'referer' => 'http://eshop.com/cms/Index/index.html',
  'accept' => 'text/html,application/xhtml+xml,application/xml;q=0.9,image/webp,image/apng,*/*;q=0.8',
  'user-agent' => 'Mozilla/5.0 (Windows NT 10.0; WOW64) AppleWebKit/537.36 (KHTML, like Gecko) Chrome/70.0.3538.25 Safari/537.36 Core/1.70.3741.400 QQBrowser/10.5.3863.400',
  'upgrade-insecure-requests' => '1',
  'cache-control' => 'max-age=0',
  'connection' => 'close',
  'host' => 'eshop.com',
)
[ info ] [ PARAM ] array (
)
[ info ] [ VIEW ] G:\php_document\1shop\code\application\cms\view\index\index.html [ array (
  0 => 'main_nav',
  1 => 'about_nav',
  2 => 'support_nav',
  3 => 'slider',
  4 => 'support',
) ]
[ sql ] [ DB ] CONNECT:[ UseTime:0.002150s ] mysql:host=127.0.0.1;port=3306;dbname=eshop;charset=utf8
[ sql ] [ SQL ] SHOW COLUMNS FROM `dp_admin_config` [ RunTime:0.017287s ]
[ sql ] [ SQL ] SELECT `name`,`value`,`type` FROM `dp_admin_config` [ RunTime:0.000704s ]
[ sql ] [ SQL ] SHOW COLUMNS FROM `dp_admin_module` [ RunTime:0.016801s ]
[ sql ] [ SQL ] SELECT `name`,`config` FROM `dp_admin_module` WHERE  `config` <> '' [ RunTime:0.000571s ]
[ sql ] [ SQL ] SHOW COLUMNS FROM `dp_admin_hook` [ RunTime:0.014818s ]
[ sql ] [ SQL ] SELECT `name`,`status` FROM `dp_admin_hook` WHERE  `status` = 1 [ RunTime:0.000577s ]
[ sql ] [ SQL ] SHOW COLUMNS FROM `dp_admin_plugin` [ RunTime:0.016165s ]
[ sql ] [ SQL ] SELECT `name`,`status` FROM `dp_admin_plugin` WHERE  `status` = 1 [ RunTime:0.000489s ]
[ sql ] [ SQL ] SHOW COLUMNS FROM `dp_admin_hook_plugin` [ RunTime:0.017882s ]
[ sql ] [ SQL ] SELECT * FROM `dp_admin_hook_plugin` WHERE  `status` = 1 ORDER BY `hook`,`sort` [ RunTime:0.000537s ]
[ sql ] [ SQL ] SHOW COLUMNS FROM `dp_cms_nav` [ RunTime:0.011762s ]
[ sql ] [ SQL ] SELECT `id`,`tag` FROM `dp_cms_nav` WHERE  `status` = 1 [ RunTime:0.000354s ]
[ sql ] [ SQL ] SHOW COLUMNS FROM `dp_cms_menu` [ RunTime:0.011825s ]
[ sql ] [ SQL ] SELECT `cms_menu`.*,cms_column.name AS column_name,cms_page.title AS page_title FROM `dp_cms_menu` `cms_menu` LEFT JOIN `dp_cms_column` `cms_column` ON `cms_menu`.`column`=`cms_column`.`id` LEFT JOIN `dp_cms_page` `cms_page` ON `cms_menu`.`page`=`cms_page`.`id` WHERE  `cms_menu`.`nid` = 1  AND `cms_menu`.`status` = 1 ORDER BY `cms_menu`.`sort`,`cms_menu`.`pid`,`cms_menu`.`id` [ RunTime:0.000524s ]
[ sql ] [ SQL ] SELECT `cms_menu`.*,cms_column.name AS column_name,cms_page.title AS page_title FROM `dp_cms_menu` `cms_menu` LEFT JOIN `dp_cms_column` `cms_column` ON `cms_menu`.`column`=`cms_column`.`id` LEFT JOIN `dp_cms_page` `cms_page` ON `cms_menu`.`page`=`cms_page`.`id` WHERE  `cms_menu`.`nid` = 2  AND `cms_menu`.`status` = 1 ORDER BY `cms_menu`.`sort`,`cms_menu`.`pid`,`cms_menu`.`id` [ RunTime:0.000469s ]
[ sql ] [ SQL ] SELECT `cms_menu`.*,cms_column.name AS column_name,cms_page.title AS page_title FROM `dp_cms_menu` `cms_menu` LEFT JOIN `dp_cms_column` `cms_column` ON `cms_menu`.`column`=`cms_column`.`id` LEFT JOIN `dp_cms_page` `cms_page` ON `cms_menu`.`page`=`cms_page`.`id` WHERE  `cms_menu`.`nid` = 3  AND `cms_menu`.`status` = 1 ORDER BY `cms_menu`.`sort`,`cms_menu`.`pid`,`cms_menu`.`id` [ RunTime:0.000375s ]
[ sql ] [ SQL ] SHOW COLUMNS FROM `dp_cms_slider` [ RunTime:0.013709s ]
[ sql ] [ SQL ] SELECT * FROM `dp_cms_slider` WHERE  `status` = 1 [ RunTime:0.000433s ]
[ sql ] [ SQL ] SHOW COLUMNS FROM `dp_cms_support` [ RunTime:0.015586s ]
[ sql ] [ SQL ] SELECT * FROM `dp_cms_support` WHERE  `status` = 1 ORDER BY `sort` [ RunTime:0.000378s ]
---------------------------------------------------------------

[2020-05-22T16:19:01+08:00] 127.0.0.1 GET eshop.com/cms/Index/index.html
[运行时间：0.188774s] [吞吐率：5.30req/s] [内存消耗：3,097.73kb] [文件加载：105]
[ info ] [ LANG ] G:\php_document\1shop\code\thinkphp\lang\zh-cn.php
[ info ] [ DB ] INIT mysql
[ info ] [ ROUTE ] array (
)
[ info ] [ HEADER ] array (
  'cookie' => '_trs_uv=k9zc2onq_259_hmmq; dolphin_uid=1; dolphin_signin_token=dc27e9a48ef4a574c73b2dbf5fa3e58f92ada085; Hm_lvt_4e5bdf78b2b9fcb88736fc67709f2806=1589866359,1589953112,1590041000,1590134868; Hm_lpvt_4e5bdf78b2b9fcb88736fc67709f2806=1590135540',
  'accept-language' => 'zh-CN,zh;q=0.9',
  'accept-encoding' => 'gzip, deflate',
  'referer' => 'http://eshop.com/cms/Index/index.html',
  'accept' => 'text/html,application/xhtml+xml,application/xml;q=0.9,image/webp,image/apng,*/*;q=0.8',
  'user-agent' => 'Mozilla/5.0 (Windows NT 10.0; WOW64) AppleWebKit/537.36 (KHTML, like Gecko) Chrome/70.0.3538.25 Safari/537.36 Core/1.70.3741.400 QQBrowser/10.5.3863.400',
  'upgrade-insecure-requests' => '1',
  'cache-control' => 'max-age=0',
  'connection' => 'close',
  'host' => 'eshop.com',
)
[ info ] [ PARAM ] array (
)
[ info ] [ VIEW ] G:\php_document\1shop\code\application\cms\view\index\index.html [ array (
  0 => 'main_nav',
  1 => 'about_nav',
  2 => 'support_nav',
  3 => 'slider',
  4 => 'support',
) ]
[ sql ] [ DB ] CONNECT:[ UseTime:0.000851s ] mysql:host=127.0.0.1;port=3306;dbname=eshop;charset=utf8
[ sql ] [ SQL ] SHOW COLUMNS FROM `dp_admin_config` [ RunTime:0.013796s ]
[ sql ] [ SQL ] SELECT `name`,`value`,`type` FROM `dp_admin_config` [ RunTime:0.000520s ]
[ sql ] [ SQL ] SHOW COLUMNS FROM `dp_admin_module` [ RunTime:0.011514s ]
[ sql ] [ SQL ] SELECT `name`,`config` FROM `dp_admin_module` WHERE  `config` <> '' [ RunTime:0.000443s ]
[ sql ] [ SQL ] SHOW COLUMNS FROM `dp_admin_hook` [ RunTime:0.011090s ]
[ sql ] [ SQL ] SELECT `name`,`status` FROM `dp_admin_hook` WHERE  `status` = 1 [ RunTime:0.000533s ]
[ sql ] [ SQL ] SHOW COLUMNS FROM `dp_admin_plugin` [ RunTime:0.010226s ]
[ sql ] [ SQL ] SELECT `name`,`status` FROM `dp_admin_plugin` WHERE  `status` = 1 [ RunTime:0.000404s ]
[ sql ] [ SQL ] SHOW COLUMNS FROM `dp_admin_hook_plugin` [ RunTime:0.011886s ]
[ sql ] [ SQL ] SELECT * FROM `dp_admin_hook_plugin` WHERE  `status` = 1 ORDER BY `hook`,`sort` [ RunTime:0.000472s ]
[ sql ] [ SQL ] SHOW COLUMNS FROM `dp_cms_nav` [ RunTime:0.014379s ]
[ sql ] [ SQL ] SELECT `id`,`tag` FROM `dp_cms_nav` WHERE  `status` = 1 [ RunTime:0.000435s ]
[ sql ] [ SQL ] SHOW COLUMNS FROM `dp_cms_menu` [ RunTime:0.010676s ]
[ sql ] [ SQL ] SELECT `cms_menu`.*,cms_column.name AS column_name,cms_page.title AS page_title FROM `dp_cms_menu` `cms_menu` LEFT JOIN `dp_cms_column` `cms_column` ON `cms_menu`.`column`=`cms_column`.`id` LEFT JOIN `dp_cms_page` `cms_page` ON `cms_menu`.`page`=`cms_page`.`id` WHERE  `cms_menu`.`nid` = 1  AND `cms_menu`.`status` = 1 ORDER BY `cms_menu`.`sort`,`cms_menu`.`pid`,`cms_menu`.`id` [ RunTime:0.000549s ]
[ sql ] [ SQL ] SELECT `cms_menu`.*,cms_column.name AS column_name,cms_page.title AS page_title FROM `dp_cms_menu` `cms_menu` LEFT JOIN `dp_cms_column` `cms_column` ON `cms_menu`.`column`=`cms_column`.`id` LEFT JOIN `dp_cms_page` `cms_page` ON `cms_menu`.`page`=`cms_page`.`id` WHERE  `cms_menu`.`nid` = 2  AND `cms_menu`.`status` = 1 ORDER BY `cms_menu`.`sort`,`cms_menu`.`pid`,`cms_menu`.`id` [ RunTime:0.000617s ]
[ sql ] [ SQL ] SELECT `cms_menu`.*,cms_column.name AS column_name,cms_page.title AS page_title FROM `dp_cms_menu` `cms_menu` LEFT JOIN `dp_cms_column` `cms_column` ON `cms_menu`.`column`=`cms_column`.`id` LEFT JOIN `dp_cms_page` `cms_page` ON `cms_menu`.`page`=`cms_page`.`id` WHERE  `cms_menu`.`nid` = 3  AND `cms_menu`.`status` = 1 ORDER BY `cms_menu`.`sort`,`cms_menu`.`pid`,`cms_menu`.`id` [ RunTime:0.000475s ]
[ sql ] [ SQL ] SHOW COLUMNS FROM `dp_cms_slider` [ RunTime:0.011161s ]
[ sql ] [ SQL ] SELECT * FROM `dp_cms_slider` WHERE  `status` = 1 [ RunTime:0.000411s ]
[ sql ] [ SQL ] SHOW COLUMNS FROM `dp_cms_support` [ RunTime:0.010264s ]
[ sql ] [ SQL ] SELECT * FROM `dp_cms_support` WHERE  `status` = 1 ORDER BY `sort` [ RunTime:0.000740s ]
---------------------------------------------------------------

[2020-05-22T16:19:21+08:00] 127.0.0.1 GET eshop.com/cms/Index/index.html
[运行时间：0.205047s] [吞吐率：4.88req/s] [内存消耗：3,097.73kb] [文件加载：105]
[ info ] [ LANG ] G:\php_document\1shop\code\thinkphp\lang\zh-cn.php
[ info ] [ DB ] INIT mysql
[ info ] [ ROUTE ] array (
)
[ info ] [ HEADER ] array (
  'cookie' => '_trs_uv=k9zc2onq_259_hmmq; dolphin_uid=1; dolphin_signin_token=dc27e9a48ef4a574c73b2dbf5fa3e58f92ada085; Hm_lvt_4e5bdf78b2b9fcb88736fc67709f2806=1589866359,1589953112,1590041000,1590134868; Hm_lpvt_4e5bdf78b2b9fcb88736fc67709f2806=1590135542',
  'accept-language' => 'zh-CN,zh;q=0.9',
  'accept-encoding' => 'gzip, deflate',
  'referer' => 'http://eshop.com/cms/Index/index.html',
  'accept' => 'text/html,application/xhtml+xml,application/xml;q=0.9,image/webp,image/apng,*/*;q=0.8',
  'user-agent' => 'Mozilla/5.0 (Windows NT 10.0; WOW64) AppleWebKit/537.36 (KHTML, like Gecko) Chrome/70.0.3538.25 Safari/537.36 Core/1.70.3741.400 QQBrowser/10.5.3863.400',
  'upgrade-insecure-requests' => '1',
  'cache-control' => 'max-age=0',
  'connection' => 'close',
  'host' => 'eshop.com',
)
[ info ] [ PARAM ] array (
)
[ info ] [ VIEW ] G:\php_document\1shop\code\application\cms\view\index\index.html [ array (
  0 => 'main_nav',
  1 => 'about_nav',
  2 => 'support_nav',
  3 => 'slider',
  4 => 'support',
) ]
[ sql ] [ DB ] CONNECT:[ UseTime:0.001504s ] mysql:host=127.0.0.1;port=3306;dbname=eshop;charset=utf8
[ sql ] [ SQL ] SHOW COLUMNS FROM `dp_admin_config` [ RunTime:0.012516s ]
[ sql ] [ SQL ] SELECT `name`,`value`,`type` FROM `dp_admin_config` [ RunTime:0.000608s ]
[ sql ] [ SQL ] SHOW COLUMNS FROM `dp_admin_module` [ RunTime:0.011493s ]
[ sql ] [ SQL ] SELECT `name`,`config` FROM `dp_admin_module` WHERE  `config` <> '' [ RunTime:0.000468s ]
[ sql ] [ SQL ] SHOW COLUMNS FROM `dp_admin_hook` [ RunTime:0.012046s ]
[ sql ] [ SQL ] SELECT `name`,`status` FROM `dp_admin_hook` WHERE  `status` = 1 [ RunTime:0.000448s ]
[ sql ] [ SQL ] SHOW COLUMNS FROM `dp_admin_plugin` [ RunTime:0.011391s ]
[ sql ] [ SQL ] SELECT `name`,`status` FROM `dp_admin_plugin` WHERE  `status` = 1 [ RunTime:0.000407s ]
[ sql ] [ SQL ] SHOW COLUMNS FROM `dp_admin_hook_plugin` [ RunTime:0.011660s ]
[ sql ] [ SQL ] SELECT * FROM `dp_admin_hook_plugin` WHERE  `status` = 1 ORDER BY `hook`,`sort` [ RunTime:0.000514s ]
[ sql ] [ SQL ] SHOW COLUMNS FROM `dp_cms_nav` [ RunTime:0.012899s ]
[ sql ] [ SQL ] SELECT `id`,`tag` FROM `dp_cms_nav` WHERE  `status` = 1 [ RunTime:0.000629s ]
[ sql ] [ SQL ] SHOW COLUMNS FROM `dp_cms_menu` [ RunTime:0.016590s ]
[ sql ] [ SQL ] SELECT `cms_menu`.*,cms_column.name AS column_name,cms_page.title AS page_title FROM `dp_cms_menu` `cms_menu` LEFT JOIN `dp_cms_column` `cms_column` ON `cms_menu`.`column`=`cms_column`.`id` LEFT JOIN `dp_cms_page` `cms_page` ON `cms_menu`.`page`=`cms_page`.`id` WHERE  `cms_menu`.`nid` = 1  AND `cms_menu`.`status` = 1 ORDER BY `cms_menu`.`sort`,`cms_menu`.`pid`,`cms_menu`.`id` [ RunTime:0.000925s ]
[ sql ] [ SQL ] SELECT `cms_menu`.*,cms_column.name AS column_name,cms_page.title AS page_title FROM `dp_cms_menu` `cms_menu` LEFT JOIN `dp_cms_column` `cms_column` ON `cms_menu`.`column`=`cms_column`.`id` LEFT JOIN `dp_cms_page` `cms_page` ON `cms_menu`.`page`=`cms_page`.`id` WHERE  `cms_menu`.`nid` = 2  AND `cms_menu`.`status` = 1 ORDER BY `cms_menu`.`sort`,`cms_menu`.`pid`,`cms_menu`.`id` [ RunTime:0.000856s ]
[ sql ] [ SQL ] SELECT `cms_menu`.*,cms_column.name AS column_name,cms_page.title AS page_title FROM `dp_cms_menu` `cms_menu` LEFT JOIN `dp_cms_column` `cms_column` ON `cms_menu`.`column`=`cms_column`.`id` LEFT JOIN `dp_cms_page` `cms_page` ON `cms_menu`.`page`=`cms_page`.`id` WHERE  `cms_menu`.`nid` = 3  AND `cms_menu`.`status` = 1 ORDER BY `cms_menu`.`sort`,`cms_menu`.`pid`,`cms_menu`.`id` [ RunTime:0.000803s ]
[ sql ] [ SQL ] SHOW COLUMNS FROM `dp_cms_slider` [ RunTime:0.016185s ]
[ sql ] [ SQL ] SELECT * FROM `dp_cms_slider` WHERE  `status` = 1 [ RunTime:0.000419s ]
[ sql ] [ SQL ] SHOW COLUMNS FROM `dp_cms_support` [ RunTime:0.015820s ]
[ sql ] [ SQL ] SELECT * FROM `dp_cms_support` WHERE  `status` = 1 ORDER BY `sort` [ RunTime:0.000576s ]
